2015-04-19 18:54:42.838+0000 INFO  [org.neo4j]: No locking implementation specified, defaulting to 'community'
2015-04-19 18:54:43.906+0000 INFO  [org.neo4j]: --- INITIALIZED diagnostics START ---
2015-04-19 18:54:44.016+0000 INFO  [org.neo4j]: Neo4j Kernel properties:
    store_dir=var/graphDb
    ephemeral=false
2015-04-19 18:54:44.060+0000 INFO  [org.neo4j]: Diagnostics providers:
    org.neo4j.kernel.configuration.Config
    org.neo4j.kernel.info.DiagnosticsManager
    SYSTEM_MEMORY
    JAVA_MEMORY
    OPERATING_SYSTEM
    JAVA_VIRTUAL_MACHINE
    CLASSPATH
    LIBRARY_PATH
    SYSTEM_PROPERTIES
    NETWORK
2015-04-19 18:54:44.061+0000 INFO  [org.neo4j]: System memory information:
    Total Physical memory: 7.90 GB
    Free Physical memory: 3.60 GB
    Committed virtual memory: 298.90 MB
    Total swap space: 9.15 GB
    Free swap space: 3.74 GB
2015-04-19 18:54:44.079+0000 INFO  [org.neo4j]: JVM memory information:
    Free  memory: 67.45 MB
    Total memory: 121.50 MB
    Max   memory: 1.76 GB
    Garbage Collector: PS Scavenge: [PS Eden Space, PS Survivor Space]
    Garbage Collector: PS MarkSweep: [PS Eden Space, PS Survivor Space, PS Old Gen, PS Perm Gen]
    Memory Pool: Code Cache (Non-heap memory): committed=2.44 MB, used=584.38 kB, max=48.00 MB, threshold=0.00 B
    Memory Pool: PS Eden Space (Heap memory): committed=32.50 MB, used=30.98 MB, max=664.00 MB, threshold=?
    Memory Pool: PS Survivor Space (Heap memory): committed=5.00 MB, used=5.00 MB, max=5.00 MB, threshold=?
    Memory Pool: PS Old Gen (Heap memory): committed=84.00 MB, used=18.08 MB, max=1.32 GB, threshold=0.00 B
    Memory Pool: PS Perm Gen (Non-heap memory): committed=21.00 MB, used=6.87 MB, max=82.00 MB, threshold=0.00 B
2015-04-19 18:54:44.084+0000 INFO  [org.neo4j]: Operating system information:
    Operating System: Windows 8; version: 6.2; arch: amd64; cpus: 8
    Process id: 7632@Luis
    Byte order: LITTLE_ENDIAN
    Local timezone: America/Regina
2015-04-19 18:54:44.102+0000 INFO  [org.neo4j]: JVM information:
    VM Name: Java HotSpot(TM) 64-Bit Server VM
    VM Vendor: Oracle Corporation
    VM Version: 24.0-b56
    JIT compiler: HotSpot 64-Bit Tiered Compilers
    VM Arguments: []
2015-04-19 18:54:44.103+0000 INFO  [org.neo4j]: Java classpath:
     [loader.0] file:/C:/Users/Luis%20Flores/.m2/repository/org/neo4j/neo4j-consistency-check/2.2.1/neo4j-consistency-check-2.2.1.jar
     [loader.1] file:/C:/Program%20Files/Java/jdk1.7.0_40/jre/lib/ext/localedata.jar
     [classpath] C:\Users\Luis Flores\.m2\repository\org\parboiled\parboiled-scala_2.10\1.1.7\parboiled-scala_2.10-1.1.7.jar
     [classpath] C:\Users\Luis Flores\.m2\repository\org\parboiled\parboiled-core\1.1.7\parboiled-core-1.1.7.jar
     [loader.0] file:/C:/Users/Luis%20Flores/.m2/repository/org/neo4j/neo4j-primitive-collections/2.2.1/neo4j-primitive-collections-2.2.1.jar
     [loader.1] file:/C:/Program%20Files/Java/jdk1.7.0_40/jre/lib/ext/sunjce_provider.jar
     [classpath] C:\Users\Luis Flores\.m2\repository\net\sf\opencsv\opencsv\2.3\opencsv-2.3.jar
     [classpath] C:\Users\Luis Flores\.m2\repository\org\neo4j\neo4j-consistency-check\2.2.1\neo4j-consistency-check-2.2.1.jar
     [bootstrap] C:\Program Files\Java\jdk1.7.0_40\jre\lib\charsets.jar
     [loader.0] file:/C:/Users/Luis%20Flores/.m2/repository/org/neo4j/neo4j-udc/2.2.1/neo4j-udc-2.2.1.jar
     [classpath] C:\Users\Luis Flores\.m2\repository\org\neo4j\neo4j-cypher-compiler-2.2\2.2.1\neo4j-cypher-compiler-2.2-2.2.1.jar
     [loader.0] file:/C:/Users/Luis%20Flores/Documents/GitHub/Investigacion_BDll/GameFinder4j/target/classes/
     [loader.1] file:/C:/Program%20Files/Java/jdk1.7.0_40/jre/lib/ext/zipfs.jar
     [classpath] C:\Users\Luis Flores\.m2\repository\org\neo4j\neo4j\2.2.1\neo4j-2.2.1.jar
     [loader.0] file:/C:/Users/Luis%20Flores/.m2/repository/org/parboiled/parboiled-scala_2.10/1.1.7/parboiled-scala_2.10-1.1.7.jar
     [bootstrap] C:\Program Files\Java\jdk1.7.0_40\jre\classes
     [loader.0] file:/C:/Users/Luis%20Flores/.m2/repository/com/googlecode/concurrentlinkedhashmap/concurrentlinkedhashmap-lru/1.4/concurrentlinkedhashmap-lru-1.4.jar
     [loader.0] file:/C:/Users/Luis%20Flores/.m2/repository/org/scala-lang/scala-library/2.10.5/scala-library-2.10.5.jar
     [classpath] C:\Users\Luis Flores\.m2\repository\org\neo4j\neo4j-graph-algo\2.2.1\neo4j-graph-algo-2.2.1.jar
     [loader.0] file:/C:/Users/Luis%20Flores/.m2/repository/org/scala-lang/scala-reflect/2.10.5/scala-reflect-2.10.5.jar
     [loader.0] file:/C:/Users/Luis%20Flores/.m2/repository/org/neo4j/neo4j-cypher-compiler-2.2/2.2.1/neo4j-cypher-compiler-2.2-2.2.1.jar
     [loader.0] file:/C:/Users/Luis%20Flores/.m2/repository/org/neo4j/neo4j-csv/2.2.1/neo4j-csv-2.2.1.jar
     [classpath] C:\Users\Luis Flores\.m2\repository\org\neo4j\neo4j-graph-matching\2.2.1\neo4j-graph-matching-2.2.1.jar
     [loader.0] file:/C:/Users/Luis%20Flores/.m2/repository/org/apache/lucene/lucene-core/3.6.2/lucene-core-3.6.2.jar
     [classpath] C:\Users\Luis Flores\.m2\repository\org\neo4j\neo4j-io\2.2.1\neo4j-io-2.2.1.jar
     [loader.1] file:/C:/Program%20Files/Java/jdk1.7.0_40/jre/lib/ext/sunmscapi.jar
     [classpath] C:\Users\Luis Flores\.m2\repository\org\neo4j\neo4j-cypher\2.2.1\neo4j-cypher-2.2.1.jar
     [loader.0] file:/C:/Users/Luis%20Flores/.m2/repository/org/neo4j/neo4j-graph-algo/2.2.1/neo4j-graph-algo-2.2.1.jar
     [loader.1] file:/C:/Program%20Files/Java/jdk1.7.0_40/jre/lib/ext/access-bridge-64.jar
     [classpath] C:\Users\Luis Flores\.m2\repository\org\neo4j\neo4j-cypher-compiler-1.9\2.0.4\neo4j-cypher-compiler-1.9-2.0.4.jar
     [classpath] C:\Users\Luis Flores\.m2\repository\org\scala-lang\scala-reflect\2.10.5\scala-reflect-2.10.5.jar
     [loader.0] file:/C:/Users/Luis%20Flores/.m2/repository/org/neo4j/neo4j-cypher-compiler-1.9/2.0.4/neo4j-cypher-compiler-1.9-2.0.4.jar
     [classpath] C:\Users\Luis Flores\.m2\repository\org\neo4j\neo4j-csv\2.2.1\neo4j-csv-2.2.1.jar
     [classpath] C:\Users\Luis Flores\.m2\repository\org\neo4j\neo4j-udc\2.2.1\neo4j-udc-2.2.1.jar
     [loader.1] file:/C:/Program%20Files/Java/jdk1.7.0_40/jre/lib/ext/dnsns.jar
     [loader.0] file:/C:/Users/Luis%20Flores/.m2/repository/org/neo4j/neo4j-cypher-compiler-2.0/2.0.4/neo4j-cypher-compiler-2.0-2.0.4.jar
     [bootstrap] C:\Program Files\Java\jdk1.7.0_40\jre\lib\sunrsasign.jar
     [loader.0] file:/C:/Users/Luis%20Flores/.m2/repository/org/neo4j/neo4j-jmx/2.2.1/neo4j-jmx-2.2.1.jar
     [classpath] C:\Users\Luis Flores\.m2\repository\org\scala-lang\scala-library\2.10.5\scala-library-2.10.5.jar
     [loader.0] file:/C:/Users/Luis%20Flores/.m2/repository/org/parboiled/parboiled-core/1.1.7/parboiled-core-1.1.7.jar
     [classpath] C:\Users\Luis Flores\.m2\repository\org\neo4j\neo4j-primitive-collections\2.2.1\neo4j-primitive-collections-2.2.1.jar
     [loader.1] file:/C:/Program%20Files/Java/jdk1.7.0_40/jre/lib/ext/sunec.jar
     [loader.0] file:/C:/Users/Luis%20Flores/.m2/repository/org/neo4j/neo4j-kernel/2.2.1/neo4j-kernel-2.2.1.jar
     [loader.0] file:/C:/Users/Luis%20Flores/.m2/repository/org/neo4j/neo4j-cypher/2.2.1/neo4j-cypher-2.2.1.jar
     [classpath] C:\Users\Luis Flores\.m2\repository\org\neo4j\neo4j-jmx\2.2.1\neo4j-jmx-2.2.1.jar
     [loader.1] file:/C:/Program%20Files/Java/jdk1.7.0_40/jre/lib/ext/jaccess.jar
     [classpath] C:\Users\Luis Flores\.m2\repository\com\googlecode\concurrentlinkedhashmap\concurrentlinkedhashmap-lru\1.4\concurrentlinkedhashmap-lru-1.4.jar
     [loader.0] file:/C:/Users/Luis%20Flores/.m2/repository/org/neo4j/neo4j-lucene-index/2.2.1/neo4j-lucene-index-2.2.1.jar
     [loader.0] file:/C:/Users/Luis%20Flores/.m2/repository/net/sf/opencsv/opencsv/2.3/opencsv-2.3.jar
     [bootstrap] C:\Program Files\Java\jdk1.7.0_40\jre\lib\jce.jar
     [classpath] C:\Users\Luis Flores\.m2\repository\org\neo4j\neo4j-cypher-compiler-2.1\2.1.7\neo4j-cypher-compiler-2.1-2.1.7.jar
     [loader.0] file:/C:/Users/Luis%20Flores/.m2/repository/org/neo4j/neo4j/2.2.1/neo4j-2.2.1.jar
     [classpath] C:\Users\Luis Flores\.m2\repository\org\neo4j\neo4j-kernel\2.2.1\neo4j-kernel-2.2.1.jar
     [loader.0] file:/C:/Users/Luis%20Flores/.m2/repository/org/neo4j/neo4j-graph-matching/2.2.1/neo4j-graph-matching-2.2.1.jar
     [classpath] C:\Users\Luis Flores\Documents\GitHub\Investigacion_BDll\GameFinder4j\target\classes
     [loader.0] file:/C:/Users/Luis%20Flores/.m2/repository/org/neo4j/neo4j-io/2.2.1/neo4j-io-2.2.1.jar
     [bootstrap] C:\Program Files\Java\jdk1.7.0_40\jre\lib\resources.jar
     [bootstrap] C:\Program Files\Java\jdk1.7.0_40\jre\lib\jfr.jar
     [classpath] C:\Users\Luis Flores\.m2\repository\org\neo4j\neo4j-lucene-index\2.2.1\neo4j-lucene-index-2.2.1.jar
     [classpath] C:\Users\Luis Flores\.m2\repository\org\neo4j\neo4j-cypher-compiler-2.0\2.0.4\neo4j-cypher-compiler-2.0-2.0.4.jar
     [bootstrap] C:\Program Files\Java\jdk1.7.0_40\jre\lib\jsse.jar
     [loader.0] file:/C:/Users/Luis%20Flores/.m2/repository/org/neo4j/neo4j-cypher-compiler-2.1/2.1.7/neo4j-cypher-compiler-2.1-2.1.7.jar
     [classpath] C:\Users\Luis Flores\.m2\repository\org\apache\lucene\lucene-core\3.6.2\lucene-core-3.6.2.jar
     [classpath] C:\Users\Luis Flores\.m2\repository\org\neo4j\neo4j-unsafe\2.2.1\neo4j-unsafe-2.2.1.jar
     [loader.0] file:/C:/Users/Luis%20Flores/.m2/repository/org/neo4j/neo4j-unsafe/2.2.1/neo4j-unsafe-2.2.1.jar
     [bootstrap] C:\Program Files\Java\jdk1.7.0_40\jre\lib\rt.jar
2015-04-19 18:54:44.112+0000 INFO  [org.neo4j]: Library path:
    C:\Program Files\Java\jdk1.7.0_40\bin
    C:\Windows\Sun\Java\bin
    C:\Windows\System32
    C:\Windows
    C:\Program Files (x86)\NVIDIA Corporation\PhysX\Common
    C:\ProgramData\Oracle\Java\javapath
    C:\Program Files (x86)\HP SimplePass
    C:\Program Files (x86)\Intel\iCLS Client
    C:\Program Files\Intel\iCLS Client
    C:\Windows\System32
    C:\Windows
    C:\Windows\System32\wbem
    C:\Windows\System32\WindowsPowerShell\v1.0
    C:\CamlLight\bin
    C:\Program Files\Intel\Intel(R) Management Engine Components\DAL
    C:\Program Files\Intel\Intel(R) Management Engine Components\IPT
    C:\Program Files (x86)\Intel\Intel(R) Management Engine Components\DAL
    C:\Program Files (x86)\Intel\Intel(R) Management Engine Components\IPT
    C:\Program Files (x86)\Intel\OpenCL SDK\3.0\bin\x86
    C:\Program Files (x86)\Intel\OpenCL SDK\3.0\bin\x64
    C:\Program Files\Java
    C:\Program Files\Java\jdk1.7.0_40\bin
    C:\Program Files\Java\jre7\bin
    C:\Program Files\Microsoft\Web Platform Installer
    C:\Program Files (x86)\Microsoft ASP.NET\ASP.NET Web Pages\v1.0
    C:\Program Files (x86)\Windows Kits\8.0\Windows Performance Toolkit
    C:\Program Files\Microsoft SQL Server\110\Tools\Binn
    C:\Program Files (x86)\Intel\OpenCL SDK\3.0\bin\x86
    C:\Program Files (x86)\Intel\OpenCL SDK\3.0\bin\x64
    C:\Program Files\TortoiseSVN\bin
    C:\Program Files\Microsoft SQL Server\110\DTS\Binn
    C:\Program Files (x86)\Microsoft SQL Server\110\Tools\Binn
    C:\Program Files (x86)\Microsoft SQL Server\110\Tools\Binn\ManagementStudio
    C:\Program Files (x86)\Microsoft Visual Studio 10.0\Common7\IDE\PrivateAssemblies
    C:\Program Files (x86)\Microsoft SQL Server\110\DTS\Binn
    C:\Program Files\nodejs
    C:\Program Files (x86)\Heroku\bin
    C:\Program Files (x86)\Git\cmd
    C:\Users\Luis Flores\AppData\Roaming\npm
    C:\Users\Luis Flores\Documents\GitHub\Investigacion_BDll\GameFinder4j
2015-04-19 18:54:44.124+0000 INFO  [org.neo4j]: System.properties:
    sun.boot.library.path = C:\Program Files\Java\jdk1.7.0_40\jre\bin
    user.country.format = US
    path.separator = ;
    file.encoding.pkg = sun.io
    user.country = ES
    user.script = 
    sun.java.launcher = SUN_STANDARD
    sun.os.patch.level = 
    user.dir = C:\Users\Luis Flores\Documents\GitHub\Investigacion_BDll\GameFinder4j
    user.variant = 
    sun.jnu.encoding = Cp1252
    sun.management.compiler = HotSpot 64-Bit Tiered Compilers
    user.home = C:\Users\Luis Flores
    user.timezone = America/Regina
    file.encoding = Cp1252
    user.name = Luis Flores
    sun.java.command = com.mycompany.test.main
    sun.arch.data.model = 64
    user.language = es
    user.language.format = en
    awt.toolkit = sun.awt.windows.WToolkit
    file.separator = \
    sun.io.unicode.encoding = UnicodeLittle
    sun.cpu.endian = little
    sun.desktop = windows
    sun.cpu.isalist = amd64
2015-04-19 18:54:44.125+0000 INFO  [org.neo4j]: Network information:
    Interface Software Loopback Interface 1:
        address: 127.0.0.1
        address: 0:0:0:0:0:0:0:1
    Interface Minipuerto WAN (L2TP):
    Interface Minipuerto WAN (SSTP):
    Interface Minipuerto WAN (IKEv2):
    Interface Minipuerto WAN (PPTP):
    Interface Minipuerto WAN (PPPOE):
    Interface Minipuerto WAN (IP):
    Interface Minipuerto WAN (IPv6):
    Interface Minipuerto WAN (Monitor de red):
    Interface Adaptador de red de depuración de kernel de Microsoft:
    Interface Adaptador asínc. de RAS:
    Interface Remote NDIS based Internet Sharing Device:
    Interface Adaptador ISATAP de Microsoft:
    Interface Teredo Tunneling Pseudo-Interface:
        address: fe80:0:0:0:0:100:7f:fffe%14
    Interface Realtek PCIe GBE Family Controller #2:
        address: fe80:0:0:0:34e4:a8f6:9b85:83ef%15
    Interface Ralink RT5390R 802.11b/g/n 1x1 Wi-Fi Adapter:
        address: 10.10.1.131
        address: fe80:0:0:0:9db5:6e35:d77d:ea66%16
    Interface Adaptador virtual directo Wi-Fi de Microsoft:
        address: fe80:0:0:0:4507:c998:4f33:c073%17
    Interface Adaptador ISATAP de Microsoft #2:
    Interface Adaptador ISATAP de Microsoft #3:
    Interface Remote NDIS based Internet Sharing Device - VirtualBox Bridged Networking Driver Miniport:
    Interface Ralink RT5390R 802.11b/g/n 1x1 Wi-Fi Adapter - VirtualBox Bridged Networking Driver Miniport:
    Interface Realtek PCIe GBE Family Controller #2 - VirtualBox Bridged Networking Driver Miniport:
    Interface VirtualBox Host-Only Ethernet Adapter:
        address: 192.168.56.1
        address: fe80:0:0:0:8c15:4b02:a1bb:581a%23
    Interface Adaptador ISATAP de Microsoft #4:
        address: fe80:0:0:0:0:5efe:a0a:183%24
    Interface Adaptador ISATAP de Microsoft #5:
    Interface Adaptador ISATAP de Microsoft #6:
    Interface LogMeIn Hamachi Virtual Ethernet Adapter - VirtualBox Bridged Networking Driver Miniport:
    Interface Hamachi Network Interface - VirtualBox Bridged Networking Driver Miniport:
    Interface Adaptador 6to4 de Microsoft:
    Interface LogMeIn Hamachi Virtual Ethernet Adapter - VirtualBox Bridged Networking Driver Miniport:
    Interface Apple Mobile Device Ethernet:
    Interface Apple Mobile Device Ethernet - VirtualBox Bridged Networking Driver Miniport:
    Interface Apple Mobile Device Ethernet #2:
    Interface Apple Mobile Device Ethernet #2 - VirtualBox Bridged Networking Driver Miniport:
    Interface Apple Mobile Device Ethernet #3:
    Interface Apple Mobile Device Ethernet #3 - VirtualBox Bridged Networking Driver Miniport:
    Interface LogMeIn Hamachi Virtual Ethernet Adapter - VirtualBox Bridged Networking Driver Miniport:
    Interface Adaptador ISATAP de Microsoft #7:
    Interface LogMeIn Hamachi Virtual Ethernet Adapter - VirtualBox Bridged Networking Driver Miniport:
    Interface LogMeIn Hamachi Virtual Ethernet Adapter - VirtualBox Bridged Networking Driver Miniport:
    Interface LogMeIn Hamachi Virtual Ethernet Adapter - VirtualBox Bridged Networking Driver Miniport:
    Interface Apple Mobile Device Ethernet #3 - VirtualBox Bridged Networking Driver Miniport:
    Interface Apple Mobile Device Ethernet #2 - VirtualBox Bridged Networking Driver Miniport:
    Interface Apple Mobile Device Ethernet - VirtualBox Bridged Networking Driver Miniport:
    Interface Remote NDIS based Internet Sharing Device - VirtualBox Bridged Networking Driver Miniport:
    Interface LogMeIn Hamachi Virtual Ethernet Adapter - VirtualBox Bridged Networking Driver Miniport:
    Interface Realtek PCIe GBE Family Controller #2 - VirtualBox Bridged Networking Driver Miniport:
    Interface Ralink RT5390R 802.11b/g/n 1x1 Wi-Fi Adapter - VirtualBox Bridged Networking Driver Miniport:
    Interface LogMeIn Hamachi Virtual Ethernet Adapter:
        address: 169.254.84.182
        address: 2620:9b:0:0:0:0:190c:a087
        address: fe80:0:0:0:7d33:f203:725:54b6%49
    Interface LogMeIn Hamachi Virtual Ethernet Adapter - VirtualBox Bridged Networking Driver Miniport:
    Interface PdaNet Broadband Adapter:
        address: fe80:0:0:0:b58f:8799:ff6c:9dd9%51
    Interface PdaNet Broadband Adapter - VirtualBox Bridged Networking Driver Miniport:
    Interface Minipuerto WAN (IP)-QoS Packet Scheduler-0000:
    Interface VirtualBox Host-Only Ethernet Adapter-QoS Packet Scheduler-0000:
    Interface VirtualBox Host-Only Ethernet Adapter-WFP 802.3 MAC Layer LightWeight Filter-0000:
    Interface VirtualBox Host-Only Ethernet Adapter-WFP Native MAC Layer LightWeight Filter-0000:
    Interface Ralink RT5390R 802.11b/g/n 1x1 Wi-Fi Adapter - VirtualBox Bridged Networking Driver Miniport-QoS Packet Scheduler-0000:
    Interface Ralink RT5390R 802.11b/g/n 1x1 Wi-Fi Adapter - VirtualBox Bridged Networking Driver Miniport-WFP 802.3 MAC Layer LightWeight Filter-0000:
    Interface Realtek PCIe GBE Family Controller #2-WFP Native MAC Layer LightWeight Filter-0000:
    Interface Minipuerto WAN (IPv6)-QoS Packet Scheduler-0000:
    Interface Minipuerto WAN (Monitor de red)-QoS Packet Scheduler-0000:
    Interface Ralink RT5390R 802.11b/g/n 1x1 Wi-Fi Adapter-Native WiFi Filter Driver-0000:
    Interface Ralink RT5390R 802.11b/g/n 1x1 Wi-Fi Adapter-Virtual WiFi Filter Driver-0000:
    Interface PdaNet Broadband Adapter-WFP Native MAC Layer LightWeight Filter-0000:
    Interface LogMeIn Hamachi Virtual Ethernet Adapter-WFP Native MAC Layer LightWeight Filter-0000:
    Interface Realtek PCIe GBE Family Controller #2 - VirtualBox Bridged Networking Driver Miniport-QoS Packet Scheduler-0000:
    Interface Realtek PCIe GBE Family Controller #2 - VirtualBox Bridged Networking Driver Miniport-WFP 802.3 MAC Layer LightWeight Filter-0000:
    Interface PdaNet Broadband Adapter - VirtualBox Bridged Networking Driver Miniport-QoS Packet Scheduler-0000:
    Interface PdaNet Broadband Adapter - VirtualBox Bridged Networking Driver Miniport-WFP 802.3 MAC Layer LightWeight Filter-0000:
    Interface Ralink RT5390R 802.11b/g/n 1x1 Wi-Fi Adapter-WFP Native MAC Layer LightWeight Filter-0000:
    Interface LogMeIn Hamachi Virtual Ethernet Adapter - VirtualBox Bridged Networking Driver Miniport-QoS Packet Scheduler-0000:
    Interface LogMeIn Hamachi Virtual Ethernet Adapter - VirtualBox Bridged Networking Driver Miniport-WFP 802.3 MAC Layer LightWeight Filter-0000:
    Interface Adaptador virtual directo Wi-Fi de Microsoft-Native WiFi Filter Driver-0000:
    Interface Adaptador virtual directo Wi-Fi de Microsoft-QoS Packet Scheduler-0000:
    Interface Adaptador virtual directo Wi-Fi de Microsoft-WFP 802.3 MAC Layer LightWeight Filter-0000:
    Interface Adaptador virtual directo Wi-Fi de Microsoft-WFP Native MAC Layer LightWeight Filter-0000:
2015-04-19 18:54:44.725+0000 INFO  [org.neo4j]: --- INITIALIZED diagnostics END ---
2015-04-19 18:54:46.228+0000 INFO  [org.neo4j]: Creating new db @ var\graphDb\neostore
2015-04-19 18:55:02.924+0000 INFO  [org.neo4j]: No lucene scan store index found, this might just be first use. Preparing to rebuild.
2015-04-19 18:55:03.371+0000 INFO  [org.neo4j]: No lucene scan store index found, this might just be first use. Preparing to rebuild.
2015-04-19 18:55:03.580+0000 INFO  [org.neo4j]: Opened logical log [var\graphDb\neostore.transaction.db.0] version=0, lastTxId=1 (clean)
2015-04-19 18:55:03.599+0000 INFO  [org.neo4j]: Missing counts store, rebuilding it.
2015-04-19 18:55:03.786+0000 INFO  [org.neo4j]: Rebuilding lucene scan store, this may take a while
2015-04-19 18:55:03.788+0000 INFO  [org.neo4j]: Lucene scan store rebuilt (roughly -1 nodes)
2015-04-19 18:55:03.817+0000 INFO  [org.neo4j]: Kernel health set to OK
2015-04-19 18:55:12.253+0000 INFO  [org.neo4j]: --- STARTED diagnostics for KernelDiagnostics:Versions START ---
2015-04-19 18:55:12.253+0000 INFO  [org.neo4j]: Graph Database: org.neo4j.kernel.EmbeddedGraphDatabase StoreId{creationTime=1429469686204, randomId=-8280092069518159831, storeVersion=14969031248344582, upgradeTime=1429469686204, upgradeId=1}
2015-04-19 18:55:12.254+0000 INFO  [org.neo4j]: Kernel version: Neo4j - Graph Database Kernel (neo4j-kernel), version: 2.2.1
2015-04-19 18:55:12.254+0000 INFO  [org.neo4j]: Neo4j component versions:
2015-04-19 18:55:12.270+0000 INFO  [org.neo4j]:   Neo4j - Lucene Index (neo4j-lucene-index), version: 2.2.1; revision: 2.2.1:2.2:904/c23258e99edbfff137bea0d83af56c79a46bca31
2015-04-19 18:55:12.270+0000 INFO  [org.neo4j]:   Neo4j - Cypher Compiler 2.1 (neo4j-cypher-compiler-2.1), version: 2.1.7; revision: 2.1.7:2.1-maint:649/ed233fc1087f4549d1956b8ec4a504fe2f13a446
2015-04-19 18:55:12.270+0000 INFO  [org.neo4j]:   Neo4j - Graph Algorithms (neo4j-graph-algo), version: 2.2.1; revision: 2.2.1:2.2:904/c23258e99edbfff137bea0d83af56c79a46bca31
2015-04-19 18:55:12.270+0000 INFO  [org.neo4j]:   Neo4j - Cypher Compiler 2.0 (neo4j-cypher-compiler-2.0), version: 2.0.4; revision: 2.0.4:2.0-maint:130/4a7d10bc274a5d26a180bbe9df25100e8a694748
2015-04-19 18:55:12.270+0000 INFO  [org.neo4j]:   Neo4j - Cypher Compiler 2.2 (neo4j-cypher-compiler-2.2), version: 2.2.1; revision: 2.2.1:2.2:904/c23258e99edbfff137bea0d83af56c79a46bca31
2015-04-19 18:55:12.270+0000 INFO  [org.neo4j]:   Neo4j - Consistency Checker (neo4j-consistency-check), version: 2.2.1; revision: 2.2.1:2.2:904/c23258e99edbfff137bea0d83af56c79a46bca31
2015-04-19 18:55:12.270+0000 INFO  [org.neo4j]:   Neo4j - Cypher Compiler 1.9 (neo4j-cypher-compiler-1.9), version: 2.0.4; revision: 2.0.4:2.0-maint:130/4a7d10bc274a5d26a180bbe9df25100e8a694748
2015-04-19 18:55:12.270+0000 INFO  [org.neo4j]:   neo4j-udc, version: 2.2.1; revision: 2.2.1:2.2:904/c23258e99edbfff137bea0d83af56c79a46bca31
2015-04-19 18:55:12.271+0000 INFO  [org.neo4j]:   Neo4j - JMX support (neo4j-jmx), version: 2.2.1; revision: 2.2.1:2.2:904/c23258e99edbfff137bea0d83af56c79a46bca31
2015-04-19 18:55:12.271+0000 INFO  [org.neo4j]:   Neo4j - Graph Matching (neo4j-graph-matching), version: 2.2.1; revision: 2.2.1:2.2:904/c23258e99edbfff137bea0d83af56c79a46bca31
2015-04-19 18:55:12.271+0000 INFO  [org.neo4j]:   Neo4j - Graph Database Kernel (neo4j-kernel), version: 2.2.1; revision: 2.2.1:2.2:904/c23258e99edbfff137bea0d83af56c79a46bca31
2015-04-19 18:55:12.271+0000 INFO  [org.neo4j]:   Neo4j - Cypher (neo4j-cypher), version: 2.2.1; revision: 2.2.1:2.2:904/c23258e99edbfff137bea0d83af56c79a46bca31
2015-04-19 18:55:12.271+0000 INFO  [org.neo4j]:   Neo4j - Community (neo4j), version: 2.2.1; revision: 2.2.1:2.2:904/c23258e99edbfff137bea0d83af56c79a46bca31
2015-04-19 18:55:12.271+0000 INFO  [org.neo4j]: --- STARTED diagnostics for KernelDiagnostics:Versions END ---
2015-04-19 18:55:12.273+0000 INFO  [org.neo4j]: --- STARTED diagnostics for NEO_STORE_VERSIONS START ---
2015-04-19 18:55:12.274+0000 INFO  [org.neo4j]: Store versions:
    Store versions:
      NeoStore v0.A.5
      SchemaStore v0.A.5
      NodeStore v0.A.5
      RelationshipStore v0.A.5
      RelationshipTypeStore v0.A.5
      LabelTokenStore v0.A.5
      PropertyStore v0.A.5
      PropertyIndexStore v0.A.5
      StringPropertyStore v0.A.5
      ArrayPropertyStore v0.A.5
      RelationshipGroupStore v0.A.5
2015-04-19 18:55:12.275+0000 INFO  [org.neo4j]: --- STARTED diagnostics for NEO_STORE_VERSIONS END ---
2015-04-19 18:55:12.275+0000 INFO  [org.neo4j]: --- STARTED diagnostics for NEO_STORE_ID_USAGE START ---
2015-04-19 18:55:12.275+0000 INFO  [org.neo4j]: Id usage:
    Id usage:
      SchemaStore: used=1 high=0
      NodeStore: used=0 high=-1
      RelationshipStore: used=0 high=-1
      RelationshipTypeStore: used=0 high=-1
      LabelTokenStore: used=0 high=-1
      PropertyStore: used=0 high=-1
      PropertyIndexStore: used=0 high=-1
      StringPropertyStore: used=1 high=0
      ArrayPropertyStore: used=1 high=0
      RelationshipGroupStore: used=1 high=0
2015-04-19 18:55:12.276+0000 INFO  [org.neo4j]: --- STARTED diagnostics for NEO_STORE_ID_USAGE END ---
2015-04-19 18:55:12.276+0000 INFO  [org.neo4j]: --- STARTED diagnostics for KernelDiagnostics:StoreFiles START ---
2015-04-19 18:55:12.280+0000 INFO  [org.neo4j]: Disk space on partition (Total / Free / Free %): 997679165440 / 101662384128 / 10
Storage files: (filename : modification date - size)
      index:
      - Total: 2015-04-19T12:54:45-0600 - 0.00 B
      lock: 2015-04-19T12:54:45-0600 - 0.00 B
      messages.log: 2015-04-19T12:54:41-0600 - 23.97 kB
      neostore: 2015-04-19T12:55:02-0600 - 99.00 B
      neostore.counts.db.a: 2015-04-19T12:55:03-0600 - 114.00 B
      neostore.id: 2015-04-19T12:55:02-0600 - 9.00 B
      neostore.labeltokenstore.db: 2015-04-19T12:55:02-0600 - 0.00 B
      neostore.labeltokenstore.db.id: 2015-04-19T12:54:57-0600 - 9.00 B
      neostore.labeltokenstore.db.names: 2015-04-19T12:55:02-0600 - 38.00 B
      neostore.labeltokenstore.db.names.id: 2015-04-19T12:54:57-0600 - 9.00 B
      neostore.nodestore.db: 2015-04-19T12:55:02-0600 - 0.00 B
      neostore.nodestore.db.id: 2015-04-19T12:55:00-0600 - 9.00 B
      neostore.nodestore.db.labels: 2015-04-19T12:55:02-0600 - 68.00 B
      neostore.nodestore.db.labels.id: 2015-04-19T12:55:00-0600 - 9.00 B
      neostore.propertystore.db: 2015-04-19T12:55:02-0600 - 0.00 B
      neostore.propertystore.db.arrays: 2015-04-19T12:55:02-0600 - 128.00 B
      neostore.propertystore.db.arrays.id: 2015-04-19T12:54:59-0600 - 9.00 B
      neostore.propertystore.db.id: 2015-04-19T12:54:59-0600 - 9.00 B
      neostore.propertystore.db.index: 2015-04-19T12:55:02-0600 - 0.00 B
      neostore.propertystore.db.index.id: 2015-04-19T12:54:58-0600 - 9.00 B
      neostore.propertystore.db.index.keys: 2015-04-19T12:55:02-0600 - 38.00 B
      neostore.propertystore.db.index.keys.id: 2015-04-19T12:54:58-0600 - 9.00 B
      neostore.propertystore.db.strings: 2015-04-19T12:55:02-0600 - 128.00 B
      neostore.propertystore.db.strings.id: 2015-04-19T12:54:58-0600 - 9.00 B
      neostore.relationshipgroupstore.db: 2015-04-19T12:55:02-0600 - 25.00 B
      neostore.relationshipgroupstore.db.id: 2015-04-19T12:55:01-0600 - 9.00 B
      neostore.relationshipstore.db: 2015-04-19T12:55:02-0600 - 0.00 B
      neostore.relationshipstore.db.id: 2015-04-19T12:55:00-0600 - 9.00 B
      neostore.relationshiptypestore.db: 2015-04-19T12:55:02-0600 - 0.00 B
      neostore.relationshiptypestore.db.id: 2015-04-19T12:54:56-0600 - 9.00 B
      neostore.relationshiptypestore.db.names: 2015-04-19T12:55:02-0600 - 38.00 B
      neostore.relationshiptypestore.db.names.id: 2015-04-19T12:54:56-0600 - 9.00 B
      neostore.schemastore.db: 2015-04-19T12:55:02-0600 - 64.00 B
      neostore.schemastore.db.id: 2015-04-19T12:55:01-0600 - 9.00 B
      neostore.transaction.db.0: 2015-04-19T12:55:03-0600 - 16.00 B
      schema:
        label:
          lucene:
            write.lock: 2015-04-19T12:55:03-0600 - 0.00 B
          - Total: 2015-04-19T12:55:03-0600 - 0.00 B
        - Total: 2015-04-19T12:55:03-0600 - 0.00 B
      - Total: 2015-04-19T12:55:02-0600 - 0.00 B
      store_lock: 2015-04-19T12:54:45-0600 - 0.00 B
2015-04-19 18:55:12.296+0000 INFO  [org.neo4j]: --- STARTED diagnostics for KernelDiagnostics:StoreFiles END ---
2015-04-19 18:55:12.424+0000 INFO  [org.neo4j]: Database is now ready
2015-04-19 18:55:14.381+0000 INFO  [org.neo4j]: Shutdown started
2015-04-19 18:55:14.382+0000 INFO  [org.neo4j]: Database is now unavailable
2015-04-19 18:55:14.892+0000 INFO  [org.neo4j]: About to rotate counts store at transaction 12 to [var\graphDb\neostore.counts.db.b], from [var\graphDb\neostore.counts.db.a].
2015-04-19 18:55:14.936+0000 INFO  [org.neo4j]: Successfully rotated counts store at transaction 12 to [var\graphDb\neostore.counts.db.b], from [var\graphDb\neostore.counts.db.a].
2015-04-19 18:55:21.976+0000 INFO  [org.neo4j]: NeoStore closed
2015-04-19 18:55:21.977+0000 INFO  [org.neo4j]: --- STOPPING diagnostics START ---
2015-04-19 18:55:21.977+0000 INFO  [org.neo4j]: --- STOPPING diagnostics END ---
2015-04-19 19:02:43.078+0000 INFO  [org.neo4j]: No locking implementation specified, defaulting to 'community'
2015-04-19 19:02:43.221+0000 INFO  [org.neo4j]: --- INITIALIZED diagnostics START ---
2015-04-19 19:02:43.223+0000 INFO  [org.neo4j]: Neo4j Kernel properties:
    store_dir=var/graphDb
    ephemeral=false
2015-04-19 19:02:43.230+0000 INFO  [org.neo4j]: Diagnostics providers:
    org.neo4j.kernel.configuration.Config
    org.neo4j.kernel.info.DiagnosticsManager
    SYSTEM_MEMORY
    JAVA_MEMORY
    OPERATING_SYSTEM
    JAVA_VIRTUAL_MACHINE
    CLASSPATH
    LIBRARY_PATH
    SYSTEM_PROPERTIES
    NETWORK
2015-04-19 19:02:43.231+0000 INFO  [org.neo4j]: System memory information:
    Total Physical memory: 7.90 GB
    Free Physical memory: 3.68 GB
    Committed virtual memory: 299.36 MB
    Total swap space: 9.15 GB
    Free swap space: 3.90 GB
2015-04-19 19:02:43.235+0000 INFO  [org.neo4j]: JVM memory information:
    Free  memory: 66.99 MB
    Total memory: 121.50 MB
    Max   memory: 1.76 GB
    Garbage Collector: PS Scavenge: [PS Eden Space, PS Survivor Space]
    Garbage Collector: PS MarkSweep: [PS Eden Space, PS Survivor Space, PS Old Gen, PS Perm Gen]
    Memory Pool: Code Cache (Non-heap memory): committed=2.44 MB, used=601.13 kB, max=48.00 MB, threshold=0.00 B
    Memory Pool: PS Eden Space (Heap memory): committed=32.50 MB, used=32.05 MB, max=664.00 MB, threshold=?
    Memory Pool: PS Survivor Space (Heap memory): committed=5.00 MB, used=4.99 MB, max=5.00 MB, threshold=?
    Memory Pool: PS Old Gen (Heap memory): committed=84.00 MB, used=17.46 MB, max=1.32 GB, threshold=0.00 B
    Memory Pool: PS Perm Gen (Non-heap memory): committed=21.00 MB, used=6.95 MB, max=82.00 MB, threshold=0.00 B
2015-04-19 19:02:43.240+0000 INFO  [org.neo4j]: Operating system information:
    Operating System: Windows 8; version: 6.2; arch: amd64; cpus: 8
    Process id: 8356@Luis
    Byte order: LITTLE_ENDIAN
    Local timezone: America/Regina
2015-04-19 19:02:43.256+0000 INFO  [org.neo4j]: JVM information:
    VM Name: Java HotSpot(TM) 64-Bit Server VM
    VM Vendor: Oracle Corporation
    VM Version: 24.0-b56
    JIT compiler: HotSpot 64-Bit Tiered Compilers
    VM Arguments: [-Xdebug, -Xrunjdwp:transport=dt_socket,server=n,address=58490]
2015-04-19 19:02:43.257+0000 INFO  [org.neo4j]: Java classpath:
     [loader.0] file:/C:/Users/Luis%20Flores/.m2/repository/org/neo4j/neo4j-consistency-check/2.2.1/neo4j-consistency-check-2.2.1.jar
     [loader.1] file:/C:/Program%20Files/Java/jdk1.7.0_40/jre/lib/ext/localedata.jar
     [classpath] C:\Users\Luis Flores\.m2\repository\org\parboiled\parboiled-scala_2.10\1.1.7\parboiled-scala_2.10-1.1.7.jar
     [classpath] C:\Users\Luis Flores\.m2\repository\org\parboiled\parboiled-core\1.1.7\parboiled-core-1.1.7.jar
     [loader.0] file:/C:/Users/Luis%20Flores/.m2/repository/org/neo4j/neo4j-primitive-collections/2.2.1/neo4j-primitive-collections-2.2.1.jar
     [loader.1] file:/C:/Program%20Files/Java/jdk1.7.0_40/jre/lib/ext/sunjce_provider.jar
     [classpath] C:\Users\Luis Flores\.m2\repository\net\sf\opencsv\opencsv\2.3\opencsv-2.3.jar
     [classpath] C:\Users\Luis Flores\.m2\repository\org\neo4j\neo4j-consistency-check\2.2.1\neo4j-consistency-check-2.2.1.jar
     [bootstrap] C:\Program Files\Java\jdk1.7.0_40\jre\lib\charsets.jar
     [loader.0] file:/C:/Users/Luis%20Flores/.m2/repository/org/neo4j/neo4j-udc/2.2.1/neo4j-udc-2.2.1.jar
     [classpath] C:\Users\Luis Flores\.m2\repository\org\neo4j\neo4j-cypher-compiler-2.2\2.2.1\neo4j-cypher-compiler-2.2-2.2.1.jar
     [loader.0] file:/C:/Users/Luis%20Flores/Documents/GitHub/Investigacion_BDll/GameFinder4j/target/classes/
     [loader.1] file:/C:/Program%20Files/Java/jdk1.7.0_40/jre/lib/ext/zipfs.jar
     [classpath] C:\Users\Luis Flores\.m2\repository\org\neo4j\neo4j\2.2.1\neo4j-2.2.1.jar
     [loader.0] file:/C:/Users/Luis%20Flores/.m2/repository/org/parboiled/parboiled-scala_2.10/1.1.7/parboiled-scala_2.10-1.1.7.jar
     [bootstrap] C:\Program Files\Java\jdk1.7.0_40\jre\classes
     [loader.0] file:/C:/Users/Luis%20Flores/.m2/repository/com/googlecode/concurrentlinkedhashmap/concurrentlinkedhashmap-lru/1.4/concurrentlinkedhashmap-lru-1.4.jar
     [loader.0] file:/C:/Users/Luis%20Flores/.m2/repository/org/scala-lang/scala-library/2.10.5/scala-library-2.10.5.jar
     [classpath] C:\Users\Luis Flores\.m2\repository\org\neo4j\neo4j-graph-algo\2.2.1\neo4j-graph-algo-2.2.1.jar
     [loader.0] file:/C:/Users/Luis%20Flores/.m2/repository/org/scala-lang/scala-reflect/2.10.5/scala-reflect-2.10.5.jar
     [loader.0] file:/C:/Users/Luis%20Flores/.m2/repository/org/neo4j/neo4j-cypher-compiler-2.2/2.2.1/neo4j-cypher-compiler-2.2-2.2.1.jar
     [loader.0] file:/C:/Users/Luis%20Flores/.m2/repository/org/neo4j/neo4j-csv/2.2.1/neo4j-csv-2.2.1.jar
     [classpath] C:\Users\Luis Flores\.m2\repository\org\neo4j\neo4j-graph-matching\2.2.1\neo4j-graph-matching-2.2.1.jar
     [loader.0] file:/C:/Users/Luis%20Flores/.m2/repository/org/apache/lucene/lucene-core/3.6.2/lucene-core-3.6.2.jar
     [classpath] C:\Users\Luis Flores\.m2\repository\org\neo4j\neo4j-io\2.2.1\neo4j-io-2.2.1.jar
     [loader.1] file:/C:/Program%20Files/Java/jdk1.7.0_40/jre/lib/ext/sunmscapi.jar
     [classpath] C:\Users\Luis Flores\.m2\repository\org\neo4j\neo4j-cypher\2.2.1\neo4j-cypher-2.2.1.jar
     [loader.0] file:/C:/Users/Luis%20Flores/.m2/repository/org/neo4j/neo4j-graph-algo/2.2.1/neo4j-graph-algo-2.2.1.jar
     [loader.1] file:/C:/Program%20Files/Java/jdk1.7.0_40/jre/lib/ext/access-bridge-64.jar
     [classpath] C:\Users\Luis Flores\.m2\repository\org\neo4j\neo4j-cypher-compiler-1.9\2.0.4\neo4j-cypher-compiler-1.9-2.0.4.jar
     [classpath] C:\Users\Luis Flores\.m2\repository\org\scala-lang\scala-reflect\2.10.5\scala-reflect-2.10.5.jar
     [loader.0] file:/C:/Users/Luis%20Flores/.m2/repository/org/neo4j/neo4j-cypher-compiler-1.9/2.0.4/neo4j-cypher-compiler-1.9-2.0.4.jar
     [classpath] C:\Users\Luis Flores\.m2\repository\org\neo4j\neo4j-csv\2.2.1\neo4j-csv-2.2.1.jar
     [classpath] C:\Users\Luis Flores\.m2\repository\org\neo4j\neo4j-udc\2.2.1\neo4j-udc-2.2.1.jar
     [loader.1] file:/C:/Program%20Files/Java/jdk1.7.0_40/jre/lib/ext/dnsns.jar
     [loader.0] file:/C:/Users/Luis%20Flores/.m2/repository/org/neo4j/neo4j-cypher-compiler-2.0/2.0.4/neo4j-cypher-compiler-2.0-2.0.4.jar
     [bootstrap] C:\Program Files\Java\jdk1.7.0_40\jre\lib\sunrsasign.jar
     [loader.0] file:/C:/Users/Luis%20Flores/.m2/repository/org/neo4j/neo4j-jmx/2.2.1/neo4j-jmx-2.2.1.jar
     [classpath] C:\Users\Luis Flores\.m2\repository\org\scala-lang\scala-library\2.10.5\scala-library-2.10.5.jar
     [loader.0] file:/C:/Users/Luis%20Flores/.m2/repository/org/parboiled/parboiled-core/1.1.7/parboiled-core-1.1.7.jar
     [classpath] C:\Users\Luis Flores\.m2\repository\org\neo4j\neo4j-primitive-collections\2.2.1\neo4j-primitive-collections-2.2.1.jar
     [loader.1] file:/C:/Program%20Files/Java/jdk1.7.0_40/jre/lib/ext/sunec.jar
     [loader.0] file:/C:/Users/Luis%20Flores/.m2/repository/org/neo4j/neo4j-kernel/2.2.1/neo4j-kernel-2.2.1.jar
     [loader.0] file:/C:/Users/Luis%20Flores/.m2/repository/org/neo4j/neo4j-cypher/2.2.1/neo4j-cypher-2.2.1.jar
     [classpath] C:\Users\Luis Flores\.m2\repository\org\neo4j\neo4j-jmx\2.2.1\neo4j-jmx-2.2.1.jar
     [loader.1] file:/C:/Program%20Files/Java/jdk1.7.0_40/jre/lib/ext/jaccess.jar
     [classpath] C:\Users\Luis Flores\.m2\repository\com\googlecode\concurrentlinkedhashmap\concurrentlinkedhashmap-lru\1.4\concurrentlinkedhashmap-lru-1.4.jar
     [loader.0] file:/C:/Users/Luis%20Flores/.m2/repository/org/neo4j/neo4j-lucene-index/2.2.1/neo4j-lucene-index-2.2.1.jar
     [loader.0] file:/C:/Users/Luis%20Flores/.m2/repository/net/sf/opencsv/opencsv/2.3/opencsv-2.3.jar
     [bootstrap] C:\Program Files\Java\jdk1.7.0_40\jre\lib\jce.jar
     [classpath] C:\Users\Luis Flores\.m2\repository\org\neo4j\neo4j-cypher-compiler-2.1\2.1.7\neo4j-cypher-compiler-2.1-2.1.7.jar
     [loader.0] file:/C:/Users/Luis%20Flores/.m2/repository/org/neo4j/neo4j/2.2.1/neo4j-2.2.1.jar
     [classpath] C:\Users\Luis Flores\.m2\repository\org\neo4j\neo4j-kernel\2.2.1\neo4j-kernel-2.2.1.jar
     [loader.0] file:/C:/Users/Luis%20Flores/.m2/repository/org/neo4j/neo4j-graph-matching/2.2.1/neo4j-graph-matching-2.2.1.jar
     [classpath] C:\Users\Luis Flores\Documents\GitHub\Investigacion_BDll\GameFinder4j\target\classes
     [loader.0] file:/C:/Users/Luis%20Flores/.m2/repository/org/neo4j/neo4j-io/2.2.1/neo4j-io-2.2.1.jar
     [bootstrap] C:\Program Files\Java\jdk1.7.0_40\jre\lib\resources.jar
     [bootstrap] C:\Program Files\Java\jdk1.7.0_40\jre\lib\jfr.jar
     [classpath] C:\Users\Luis Flores\.m2\repository\org\neo4j\neo4j-lucene-index\2.2.1\neo4j-lucene-index-2.2.1.jar
     [classpath] C:\Users\Luis Flores\.m2\repository\org\neo4j\neo4j-cypher-compiler-2.0\2.0.4\neo4j-cypher-compiler-2.0-2.0.4.jar
     [bootstrap] C:\Program Files\Java\jdk1.7.0_40\jre\lib\jsse.jar
     [loader.0] file:/C:/Users/Luis%20Flores/.m2/repository/org/neo4j/neo4j-cypher-compiler-2.1/2.1.7/neo4j-cypher-compiler-2.1-2.1.7.jar
     [classpath] C:\Users\Luis Flores\.m2\repository\org\apache\lucene\lucene-core\3.6.2\lucene-core-3.6.2.jar
     [classpath] C:\Users\Luis Flores\.m2\repository\org\neo4j\neo4j-unsafe\2.2.1\neo4j-unsafe-2.2.1.jar
     [loader.0] file:/C:/Users/Luis%20Flores/.m2/repository/org/neo4j/neo4j-unsafe/2.2.1/neo4j-unsafe-2.2.1.jar
     [bootstrap] C:\Program Files\Java\jdk1.7.0_40\jre\lib\rt.jar
2015-04-19 19:02:43.265+0000 INFO  [org.neo4j]: Library path:
    C:\Program Files\Java\jdk1.7.0_40\bin
    C:\Windows\Sun\Java\bin
    C:\Windows\System32
    C:\Windows
    C:\Program Files (x86)\NVIDIA Corporation\PhysX\Common
    C:\ProgramData\Oracle\Java\javapath
    C:\Program Files (x86)\HP SimplePass
    C:\Program Files (x86)\Intel\iCLS Client
    C:\Program Files\Intel\iCLS Client
    C:\Windows\System32
    C:\Windows
    C:\Windows\System32\wbem
    C:\Windows\System32\WindowsPowerShell\v1.0
    C:\CamlLight\bin
    C:\Program Files\Intel\Intel(R) Management Engine Components\DAL
    C:\Program Files\Intel\Intel(R) Management Engine Components\IPT
    C:\Program Files (x86)\Intel\Intel(R) Management Engine Components\DAL
    C:\Program Files (x86)\Intel\Intel(R) Management Engine Components\IPT
    C:\Program Files (x86)\Intel\OpenCL SDK\3.0\bin\x86
    C:\Program Files (x86)\Intel\OpenCL SDK\3.0\bin\x64
    C:\Program Files\Java
    C:\Program Files\Java\jdk1.7.0_40\bin
    C:\Program Files\Java\jre7\bin
    C:\Program Files\Microsoft\Web Platform Installer
    C:\Program Files (x86)\Microsoft ASP.NET\ASP.NET Web Pages\v1.0
    C:\Program Files (x86)\Windows Kits\8.0\Windows Performance Toolkit
    C:\Program Files\Microsoft SQL Server\110\Tools\Binn
    C:\Program Files (x86)\Intel\OpenCL SDK\3.0\bin\x86
    C:\Program Files (x86)\Intel\OpenCL SDK\3.0\bin\x64
    C:\Program Files\TortoiseSVN\bin
    C:\Program Files\Microsoft SQL Server\110\DTS\Binn
    C:\Program Files (x86)\Microsoft SQL Server\110\Tools\Binn
    C:\Program Files (x86)\Microsoft SQL Server\110\Tools\Binn\ManagementStudio
    C:\Program Files (x86)\Microsoft Visual Studio 10.0\Common7\IDE\PrivateAssemblies
    C:\Program Files (x86)\Microsoft SQL Server\110\DTS\Binn
    C:\Program Files\nodejs
    C:\Program Files (x86)\Heroku\bin
    C:\Program Files (x86)\Git\cmd
    C:\Users\Luis Flores\AppData\Roaming\npm
    C:\Users\Luis Flores\Documents\GitHub\Investigacion_BDll\GameFinder4j
2015-04-19 19:02:43.277+0000 INFO  [org.neo4j]: System.properties:
    sun.boot.library.path = C:\Program Files\Java\jdk1.7.0_40\jre\bin
    user.country.format = US
    path.separator = ;
    file.encoding.pkg = sun.io
    user.country = ES
    user.script = 
    sun.java.launcher = SUN_STANDARD
    sun.os.patch.level = 
    user.dir = C:\Users\Luis Flores\Documents\GitHub\Investigacion_BDll\GameFinder4j
    user.variant = 
    sun.jnu.encoding = Cp1252
    sun.management.compiler = HotSpot 64-Bit Tiered Compilers
    user.home = C:\Users\Luis Flores
    user.timezone = America/Regina
    file.encoding = Cp1252
    user.name = Luis Flores
    sun.java.command = com.mycompany.test.main
    sun.arch.data.model = 64
    user.language = es
    user.language.format = en
    awt.toolkit = sun.awt.windows.WToolkit
    file.separator = \
    sun.io.unicode.encoding = UnicodeLittle
    sun.cpu.endian = little
    sun.desktop = windows
    sun.cpu.isalist = amd64
2015-04-19 19:02:43.278+0000 INFO  [org.neo4j]: Network information:
    Interface Software Loopback Interface 1:
        address: 127.0.0.1
        address: 0:0:0:0:0:0:0:1
    Interface Minipuerto WAN (L2TP):
    Interface Minipuerto WAN (SSTP):
    Interface Minipuerto WAN (IKEv2):
    Interface Minipuerto WAN (PPTP):
    Interface Minipuerto WAN (PPPOE):
    Interface Minipuerto WAN (IP):
    Interface Minipuerto WAN (IPv6):
    Interface Minipuerto WAN (Monitor de red):
    Interface Adaptador de red de depuración de kernel de Microsoft:
    Interface Adaptador asínc. de RAS:
    Interface Remote NDIS based Internet Sharing Device:
    Interface Adaptador ISATAP de Microsoft:
    Interface Teredo Tunneling Pseudo-Interface:
        address: fe80:0:0:0:0:100:7f:fffe%14
    Interface Realtek PCIe GBE Family Controller #2:
        address: fe80:0:0:0:34e4:a8f6:9b85:83ef%15
    Interface Ralink RT5390R 802.11b/g/n 1x1 Wi-Fi Adapter:
        address: 10.10.1.131
        address: fe80:0:0:0:9db5:6e35:d77d:ea66%16
    Interface Adaptador virtual directo Wi-Fi de Microsoft:
        address: fe80:0:0:0:4507:c998:4f33:c073%17
    Interface Adaptador ISATAP de Microsoft #2:
    Interface Adaptador ISATAP de Microsoft #3:
    Interface Remote NDIS based Internet Sharing Device - VirtualBox Bridged Networking Driver Miniport:
    Interface Ralink RT5390R 802.11b/g/n 1x1 Wi-Fi Adapter - VirtualBox Bridged Networking Driver Miniport:
    Interface Realtek PCIe GBE Family Controller #2 - VirtualBox Bridged Networking Driver Miniport:
    Interface VirtualBox Host-Only Ethernet Adapter:
        address: 192.168.56.1
        address: fe80:0:0:0:8c15:4b02:a1bb:581a%23
    Interface Adaptador ISATAP de Microsoft #4:
        address: fe80:0:0:0:0:5efe:a0a:183%24
    Interface Adaptador ISATAP de Microsoft #5:
    Interface Adaptador ISATAP de Microsoft #6:
    Interface LogMeIn Hamachi Virtual Ethernet Adapter - VirtualBox Bridged Networking Driver Miniport:
    Interface Hamachi Network Interface - VirtualBox Bridged Networking Driver Miniport:
    Interface Adaptador 6to4 de Microsoft:
    Interface LogMeIn Hamachi Virtual Ethernet Adapter - VirtualBox Bridged Networking Driver Miniport:
    Interface Apple Mobile Device Ethernet:
    Interface Apple Mobile Device Ethernet - VirtualBox Bridged Networking Driver Miniport:
    Interface Apple Mobile Device Ethernet #2:
    Interface Apple Mobile Device Ethernet #2 - VirtualBox Bridged Networking Driver Miniport:
    Interface Apple Mobile Device Ethernet #3:
    Interface Apple Mobile Device Ethernet #3 - VirtualBox Bridged Networking Driver Miniport:
    Interface LogMeIn Hamachi Virtual Ethernet Adapter - VirtualBox Bridged Networking Driver Miniport:
    Interface Adaptador ISATAP de Microsoft #7:
    Interface LogMeIn Hamachi Virtual Ethernet Adapter - VirtualBox Bridged Networking Driver Miniport:
    Interface LogMeIn Hamachi Virtual Ethernet Adapter - VirtualBox Bridged Networking Driver Miniport:
    Interface LogMeIn Hamachi Virtual Ethernet Adapter - VirtualBox Bridged Networking Driver Miniport:
    Interface Apple Mobile Device Ethernet #3 - VirtualBox Bridged Networking Driver Miniport:
    Interface Apple Mobile Device Ethernet #2 - VirtualBox Bridged Networking Driver Miniport:
    Interface Apple Mobile Device Ethernet - VirtualBox Bridged Networking Driver Miniport:
    Interface Remote NDIS based Internet Sharing Device - VirtualBox Bridged Networking Driver Miniport:
    Interface LogMeIn Hamachi Virtual Ethernet Adapter - VirtualBox Bridged Networking Driver Miniport:
    Interface Realtek PCIe GBE Family Controller #2 - VirtualBox Bridged Networking Driver Miniport:
    Interface Ralink RT5390R 802.11b/g/n 1x1 Wi-Fi Adapter - VirtualBox Bridged Networking Driver Miniport:
    Interface LogMeIn Hamachi Virtual Ethernet Adapter:
        address: 169.254.84.182
        address: 2620:9b:0:0:0:0:190c:a087
        address: fe80:0:0:0:7d33:f203:725:54b6%49
    Interface LogMeIn Hamachi Virtual Ethernet Adapter - VirtualBox Bridged Networking Driver Miniport:
    Interface PdaNet Broadband Adapter:
        address: fe80:0:0:0:b58f:8799:ff6c:9dd9%51
    Interface PdaNet Broadband Adapter - VirtualBox Bridged Networking Driver Miniport:
    Interface Minipuerto WAN (IP)-QoS Packet Scheduler-0000:
    Interface VirtualBox Host-Only Ethernet Adapter-QoS Packet Scheduler-0000:
    Interface VirtualBox Host-Only Ethernet Adapter-WFP 802.3 MAC Layer LightWeight Filter-0000:
    Interface VirtualBox Host-Only Ethernet Adapter-WFP Native MAC Layer LightWeight Filter-0000:
    Interface Ralink RT5390R 802.11b/g/n 1x1 Wi-Fi Adapter - VirtualBox Bridged Networking Driver Miniport-QoS Packet Scheduler-0000:
    Interface Ralink RT5390R 802.11b/g/n 1x1 Wi-Fi Adapter - VirtualBox Bridged Networking Driver Miniport-WFP 802.3 MAC Layer LightWeight Filter-0000:
    Interface Realtek PCIe GBE Family Controller #2-WFP Native MAC Layer LightWeight Filter-0000:
    Interface Minipuerto WAN (IPv6)-QoS Packet Scheduler-0000:
    Interface Minipuerto WAN (Monitor de red)-QoS Packet Scheduler-0000:
    Interface Ralink RT5390R 802.11b/g/n 1x1 Wi-Fi Adapter-Native WiFi Filter Driver-0000:
    Interface Ralink RT5390R 802.11b/g/n 1x1 Wi-Fi Adapter-Virtual WiFi Filter Driver-0000:
    Interface PdaNet Broadband Adapter-WFP Native MAC Layer LightWeight Filter-0000:
    Interface LogMeIn Hamachi Virtual Ethernet Adapter-WFP Native MAC Layer LightWeight Filter-0000:
    Interface Realtek PCIe GBE Family Controller #2 - VirtualBox Bridged Networking Driver Miniport-QoS Packet Scheduler-0000:
    Interface Realtek PCIe GBE Family Controller #2 - VirtualBox Bridged Networking Driver Miniport-WFP 802.3 MAC Layer LightWeight Filter-0000:
    Interface PdaNet Broadband Adapter - VirtualBox Bridged Networking Driver Miniport-QoS Packet Scheduler-0000:
    Interface PdaNet Broadband Adapter - VirtualBox Bridged Networking Driver Miniport-WFP 802.3 MAC Layer LightWeight Filter-0000:
    Interface Ralink RT5390R 802.11b/g/n 1x1 Wi-Fi Adapter-WFP Native MAC Layer LightWeight Filter-0000:
    Interface LogMeIn Hamachi Virtual Ethernet Adapter - VirtualBox Bridged Networking Driver Miniport-QoS Packet Scheduler-0000:
    Interface LogMeIn Hamachi Virtual Ethernet Adapter - VirtualBox Bridged Networking Driver Miniport-WFP 802.3 MAC Layer LightWeight Filter-0000:
    Interface Adaptador virtual directo Wi-Fi de Microsoft-Native WiFi Filter Driver-0000:
    Interface Adaptador virtual directo Wi-Fi de Microsoft-QoS Packet Scheduler-0000:
    Interface Adaptador virtual directo Wi-Fi de Microsoft-WFP 802.3 MAC Layer LightWeight Filter-0000:
    Interface Adaptador virtual directo Wi-Fi de Microsoft-WFP Native MAC Layer LightWeight Filter-0000:
2015-04-19 19:02:43.871+0000 INFO  [org.neo4j]: --- INITIALIZED diagnostics END ---
2015-04-19 19:02:44.625+0000 INFO  [org.neo4j]: Opened logical log [var\graphDb\neostore.transaction.db.1] version=1, lastTxId=12 (clean)
2015-04-19 19:02:44.648+0000 INFO  [org.neo4j]: Kernel health set to OK
2015-04-19 19:02:45.306+0000 INFO  [org.neo4j]: --- STARTED diagnostics for KernelDiagnostics:Versions START ---
2015-04-19 19:02:45.306+0000 INFO  [org.neo4j]: Graph Database: org.neo4j.kernel.EmbeddedGraphDatabase StoreId{creationTime=1429469686204, randomId=-8280092069518159831, storeVersion=14969031248344582, upgradeTime=1429469686204, upgradeId=1}
2015-04-19 19:02:45.306+0000 INFO  [org.neo4j]: Kernel version: Neo4j - Graph Database Kernel (neo4j-kernel), version: 2.2.1
2015-04-19 19:02:45.307+0000 INFO  [org.neo4j]: Neo4j component versions:
2015-04-19 19:02:45.315+0000 INFO  [org.neo4j]:   Neo4j - Lucene Index (neo4j-lucene-index), version: 2.2.1; revision: 2.2.1:2.2:904/c23258e99edbfff137bea0d83af56c79a46bca31
2015-04-19 19:02:45.315+0000 INFO  [org.neo4j]:   Neo4j - Cypher Compiler 2.1 (neo4j-cypher-compiler-2.1), version: 2.1.7; revision: 2.1.7:2.1-maint:649/ed233fc1087f4549d1956b8ec4a504fe2f13a446
2015-04-19 19:02:45.315+0000 INFO  [org.neo4j]:   Neo4j - Graph Algorithms (neo4j-graph-algo), version: 2.2.1; revision: 2.2.1:2.2:904/c23258e99edbfff137bea0d83af56c79a46bca31
2015-04-19 19:02:45.315+0000 INFO  [org.neo4j]:   Neo4j - Cypher Compiler 2.0 (neo4j-cypher-compiler-2.0), version: 2.0.4; revision: 2.0.4:2.0-maint:130/4a7d10bc274a5d26a180bbe9df25100e8a694748
2015-04-19 19:02:45.316+0000 INFO  [org.neo4j]:   Neo4j - Cypher Compiler 2.2 (neo4j-cypher-compiler-2.2), version: 2.2.1; revision: 2.2.1:2.2:904/c23258e99edbfff137bea0d83af56c79a46bca31
2015-04-19 19:02:45.316+0000 INFO  [org.neo4j]:   Neo4j - Consistency Checker (neo4j-consistency-check), version: 2.2.1; revision: 2.2.1:2.2:904/c23258e99edbfff137bea0d83af56c79a46bca31
2015-04-19 19:02:45.316+0000 INFO  [org.neo4j]:   Neo4j - Cypher Compiler 1.9 (neo4j-cypher-compiler-1.9), version: 2.0.4; revision: 2.0.4:2.0-maint:130/4a7d10bc274a5d26a180bbe9df25100e8a694748
2015-04-19 19:02:45.316+0000 INFO  [org.neo4j]:   neo4j-udc, version: 2.2.1; revision: 2.2.1:2.2:904/c23258e99edbfff137bea0d83af56c79a46bca31
2015-04-19 19:02:45.316+0000 INFO  [org.neo4j]:   Neo4j - JMX support (neo4j-jmx), version: 2.2.1; revision: 2.2.1:2.2:904/c23258e99edbfff137bea0d83af56c79a46bca31
2015-04-19 19:02:45.316+0000 INFO  [org.neo4j]:   Neo4j - Graph Matching (neo4j-graph-matching), version: 2.2.1; revision: 2.2.1:2.2:904/c23258e99edbfff137bea0d83af56c79a46bca31
2015-04-19 19:02:45.316+0000 INFO  [org.neo4j]:   Neo4j - Graph Database Kernel (neo4j-kernel), version: 2.2.1; revision: 2.2.1:2.2:904/c23258e99edbfff137bea0d83af56c79a46bca31
2015-04-19 19:02:45.316+0000 INFO  [org.neo4j]:   Neo4j - Cypher (neo4j-cypher), version: 2.2.1; revision: 2.2.1:2.2:904/c23258e99edbfff137bea0d83af56c79a46bca31
2015-04-19 19:02:45.317+0000 INFO  [org.neo4j]:   Neo4j - Community (neo4j), version: 2.2.1; revision: 2.2.1:2.2:904/c23258e99edbfff137bea0d83af56c79a46bca31
2015-04-19 19:02:45.317+0000 INFO  [org.neo4j]: --- STARTED diagnostics for KernelDiagnostics:Versions END ---
2015-04-19 19:02:45.320+0000 INFO  [org.neo4j]: --- STARTED diagnostics for NEO_STORE_VERSIONS START ---
2015-04-19 19:02:45.321+0000 INFO  [org.neo4j]: Store versions:
    Store versions:
      NeoStore v0.A.5
      SchemaStore v0.A.5
      NodeStore v0.A.5
      RelationshipStore v0.A.5
      RelationshipTypeStore v0.A.5
      LabelTokenStore v0.A.5
      PropertyStore v0.A.5
      PropertyIndexStore v0.A.5
      StringPropertyStore v0.A.5
      ArrayPropertyStore v0.A.5
      RelationshipGroupStore v0.A.5
2015-04-19 19:02:45.322+0000 INFO  [org.neo4j]: --- STARTED diagnostics for NEO_STORE_VERSIONS END ---
2015-04-19 19:02:45.322+0000 INFO  [org.neo4j]: --- STARTED diagnostics for NEO_STORE_ID_USAGE START ---
2015-04-19 19:02:45.322+0000 INFO  [org.neo4j]: Id usage:
    Id usage:
      SchemaStore: used=1 high=0
      NodeStore: used=5 high=4
      RelationshipStore: used=3 high=2
      RelationshipTypeStore: used=2 high=1
      LabelTokenStore: used=2 high=1
      PropertyStore: used=7 high=6
      PropertyIndexStore: used=6 high=5
      StringPropertyStore: used=1 high=0
      ArrayPropertyStore: used=1 high=0
      RelationshipGroupStore: used=1 high=0
2015-04-19 19:02:45.324+0000 INFO  [org.neo4j]: --- STARTED diagnostics for NEO_STORE_ID_USAGE END ---
2015-04-19 19:02:45.324+0000 INFO  [org.neo4j]: --- STARTED diagnostics for KernelDiagnostics:StoreFiles START ---
2015-04-19 19:02:45.329+0000 INFO  [org.neo4j]: Disk space on partition (Total / Free / Free %): 997679165440 / 101663920128 / 10
Storage files: (filename : modification date - size)
      index:
      - Total: 2015-04-19T12:54:45-0600 - 0.00 B
      lock: 2015-04-19T13:02:44-0600 - 0.00 B
      messages.log: 2015-04-19T12:55:21-0600 - 51.42 kB
      neostore: 2015-04-19T13:02:44-0600 - 99.00 B
      neostore.counts.db.a: 2015-04-19T12:55:03-0600 - 114.00 B
      neostore.counts.db.b: 2015-04-19T12:55:14-0600 - 530.00 B
      neostore.id: 2015-04-19T12:55:21-0600 - 9.00 B
      neostore.labeltokenstore.db: 2015-04-19T13:02:44-0600 - 10.00 B
      neostore.labeltokenstore.db.id: 2015-04-19T12:55:17-0600 - 9.00 B
      neostore.labeltokenstore.db.names: 2015-04-19T13:02:44-0600 - 114.00 B
      neostore.labeltokenstore.db.names.id: 2015-04-19T12:55:17-0600 - 9.00 B
      neostore.nodestore.db: 2015-04-19T13:02:44-0600 - 75.00 B
      neostore.nodestore.db.id: 2015-04-19T12:55:20-0600 - 9.00 B
      neostore.nodestore.db.labels: 2015-04-19T13:02:44-0600 - 68.00 B
      neostore.nodestore.db.labels.id: 2015-04-19T12:55:20-0600 - 9.00 B
      neostore.propertystore.db: 2015-04-19T13:02:44-0600 - 287.00 B
      neostore.propertystore.db.arrays: 2015-04-19T13:02:44-0600 - 128.00 B
      neostore.propertystore.db.arrays.id: 2015-04-19T12:55:19-0600 - 9.00 B
      neostore.propertystore.db.id: 2015-04-19T12:55:19-0600 - 9.00 B
      neostore.propertystore.db.index: 2015-04-19T13:02:44-0600 - 54.00 B
      neostore.propertystore.db.index.id: 2015-04-19T12:55:18-0600 - 9.00 B
      neostore.propertystore.db.index.keys: 2015-04-19T13:02:44-0600 - 266.00 B
      neostore.propertystore.db.index.keys.id: 2015-04-19T12:55:18-0600 - 9.00 B
      neostore.propertystore.db.strings: 2015-04-19T13:02:44-0600 - 128.00 B
      neostore.propertystore.db.strings.id: 2015-04-19T12:55:18-0600 - 9.00 B
      neostore.relationshipgroupstore.db: 2015-04-19T13:02:44-0600 - 25.00 B
      neostore.relationshipgroupstore.db.id: 2015-04-19T12:55:21-0600 - 9.00 B
      neostore.relationshipstore.db: 2015-04-19T13:02:44-0600 - 102.00 B
      neostore.relationshipstore.db.id: 2015-04-19T12:55:19-0600 - 9.00 B
      neostore.relationshiptypestore.db: 2015-04-19T13:02:44-0600 - 10.00 B
      neostore.relationshiptypestore.db.id: 2015-04-19T12:55:17-0600 - 9.00 B
      neostore.relationshiptypestore.db.names: 2015-04-19T13:02:44-0600 - 114.00 B
      neostore.relationshiptypestore.db.names.id: 2015-04-19T12:55:16-0600 - 9.00 B
      neostore.schemastore.db: 2015-04-19T13:02:44-0600 - 64.00 B
      neostore.schemastore.db.id: 2015-04-19T12:55:20-0600 - 9.00 B
      neostore.transaction.db.0: 2015-04-19T12:55:13-0600 - 2.50 kB
      neostore.transaction.db.1: 2015-04-19T13:02:44-0600 - 16.00 B
      schema:
        label:
          lucene:
            _0.cfs: 2015-04-19T12:55:14-0600 - 243.00 B
            segments.gen: 2015-04-19T12:55:14-0600 - 20.00 B
            segments_1: 2015-04-19T12:55:14-0600 - 240.00 B
            write.lock: 2015-04-19T13:02:44-0600 - 0.00 B
          - Total: 2015-04-19T13:02:44-0600 - 503.00 B
        - Total: 2015-04-19T12:55:03-0600 - 503.00 B
      - Total: 2015-04-19T12:55:02-0600 - 503.00 B
      store_lock: 2015-04-19T12:54:45-0600 - 0.00 B
2015-04-19 19:02:45.349+0000 INFO  [org.neo4j]: --- STARTED diagnostics for KernelDiagnostics:StoreFiles END ---
2015-04-19 19:02:45.434+0000 INFO  [org.neo4j]: Database is now ready
2015-04-19 19:02:45.703+0000 INFO  [org.neo4j]: Shutdown started
2015-04-19 19:02:45.703+0000 INFO  [org.neo4j]: Database is now unavailable
2015-04-19 19:02:45.918+0000 INFO  [org.neo4j]: About to rotate counts store at transaction 13 to [var\graphDb\neostore.counts.db.a], from [var\graphDb\neostore.counts.db.b].
2015-04-19 19:02:45.927+0000 INFO  [org.neo4j]: Successfully rotated counts store at transaction 13 to [var\graphDb\neostore.counts.db.a], from [var\graphDb\neostore.counts.db.b].
2015-04-19 19:02:49.060+0000 INFO  [org.neo4j]: NeoStore closed
2015-04-19 19:02:49.060+0000 INFO  [org.neo4j]: --- STOPPING diagnostics START ---
2015-04-19 19:02:49.060+0000 INFO  [org.neo4j]: --- STOPPING diagnostics END ---
2015-04-19 19:02:51.453+0000 INFO  [org.neo4j]: No locking implementation specified, defaulting to 'community'
2015-04-19 19:02:51.574+0000 INFO  [org.neo4j]: --- INITIALIZED diagnostics START ---
2015-04-19 19:02:51.576+0000 INFO  [org.neo4j]: Neo4j Kernel properties:
    store_dir=var/graphDb
    ephemeral=false
2015-04-19 19:02:51.582+0000 INFO  [org.neo4j]: Diagnostics providers:
    org.neo4j.kernel.configuration.Config
    org.neo4j.kernel.info.DiagnosticsManager
    SYSTEM_MEMORY
    JAVA_MEMORY
    OPERATING_SYSTEM
    JAVA_VIRTUAL_MACHINE
    CLASSPATH
    LIBRARY_PATH
    SYSTEM_PROPERTIES
    NETWORK
2015-04-19 19:02:51.582+0000 INFO  [org.neo4j]: System memory information:
    Total Physical memory: 7.90 GB
    Free Physical memory: 3.67 GB
    Committed virtual memory: 299.31 MB
    Total swap space: 9.15 GB
    Free swap space: 3.88 GB
2015-04-19 19:02:51.586+0000 INFO  [org.neo4j]: JVM memory information:
    Free  memory: 67.41 MB
    Total memory: 121.50 MB
    Max   memory: 1.76 GB
    Garbage Collector: PS Scavenge: [PS Eden Space, PS Survivor Space]
    Garbage Collector: PS MarkSweep: [PS Eden Space, PS Survivor Space, PS Old Gen, PS Perm Gen]
    Memory Pool: Code Cache (Non-heap memory): committed=2.44 MB, used=586.06 kB, max=48.00 MB, threshold=0.00 B
    Memory Pool: PS Eden Space (Heap memory): committed=32.50 MB, used=30.98 MB, max=664.00 MB, threshold=?
    Memory Pool: PS Survivor Space (Heap memory): committed=5.00 MB, used=4.98 MB, max=5.00 MB, threshold=?
    Memory Pool: PS Old Gen (Heap memory): committed=84.00 MB, used=18.13 MB, max=1.32 GB, threshold=0.00 B
    Memory Pool: PS Perm Gen (Non-heap memory): committed=21.00 MB, used=6.87 MB, max=82.00 MB, threshold=0.00 B
2015-04-19 19:02:51.591+0000 INFO  [org.neo4j]: Operating system information:
    Operating System: Windows 8; version: 6.2; arch: amd64; cpus: 8
    Process id: 6364@Luis
    Byte order: LITTLE_ENDIAN
    Local timezone: America/Regina
2015-04-19 19:02:51.604+0000 INFO  [org.neo4j]: JVM information:
    VM Name: Java HotSpot(TM) 64-Bit Server VM
    VM Vendor: Oracle Corporation
    VM Version: 24.0-b56
    JIT compiler: HotSpot 64-Bit Tiered Compilers
    VM Arguments: []
2015-04-19 19:02:51.605+0000 INFO  [org.neo4j]: Java classpath:
     [loader.0] file:/C:/Users/Luis%20Flores/.m2/repository/org/neo4j/neo4j-consistency-check/2.2.1/neo4j-consistency-check-2.2.1.jar
     [loader.1] file:/C:/Program%20Files/Java/jdk1.7.0_40/jre/lib/ext/localedata.jar
     [classpath] C:\Users\Luis Flores\.m2\repository\org\parboiled\parboiled-scala_2.10\1.1.7\parboiled-scala_2.10-1.1.7.jar
     [classpath] C:\Users\Luis Flores\.m2\repository\org\parboiled\parboiled-core\1.1.7\parboiled-core-1.1.7.jar
     [loader.0] file:/C:/Users/Luis%20Flores/.m2/repository/org/neo4j/neo4j-primitive-collections/2.2.1/neo4j-primitive-collections-2.2.1.jar
     [loader.1] file:/C:/Program%20Files/Java/jdk1.7.0_40/jre/lib/ext/sunjce_provider.jar
     [classpath] C:\Users\Luis Flores\.m2\repository\net\sf\opencsv\opencsv\2.3\opencsv-2.3.jar
     [classpath] C:\Users\Luis Flores\.m2\repository\org\neo4j\neo4j-consistency-check\2.2.1\neo4j-consistency-check-2.2.1.jar
     [bootstrap] C:\Program Files\Java\jdk1.7.0_40\jre\lib\charsets.jar
     [loader.0] file:/C:/Users/Luis%20Flores/.m2/repository/org/neo4j/neo4j-udc/2.2.1/neo4j-udc-2.2.1.jar
     [classpath] C:\Users\Luis Flores\.m2\repository\org\neo4j\neo4j-cypher-compiler-2.2\2.2.1\neo4j-cypher-compiler-2.2-2.2.1.jar
     [loader.0] file:/C:/Users/Luis%20Flores/Documents/GitHub/Investigacion_BDll/GameFinder4j/target/classes/
     [loader.1] file:/C:/Program%20Files/Java/jdk1.7.0_40/jre/lib/ext/zipfs.jar
     [classpath] C:\Users\Luis Flores\.m2\repository\org\neo4j\neo4j\2.2.1\neo4j-2.2.1.jar
     [loader.0] file:/C:/Users/Luis%20Flores/.m2/repository/org/parboiled/parboiled-scala_2.10/1.1.7/parboiled-scala_2.10-1.1.7.jar
     [bootstrap] C:\Program Files\Java\jdk1.7.0_40\jre\classes
     [loader.0] file:/C:/Users/Luis%20Flores/.m2/repository/com/googlecode/concurrentlinkedhashmap/concurrentlinkedhashmap-lru/1.4/concurrentlinkedhashmap-lru-1.4.jar
     [loader.0] file:/C:/Users/Luis%20Flores/.m2/repository/org/scala-lang/scala-library/2.10.5/scala-library-2.10.5.jar
     [classpath] C:\Users\Luis Flores\.m2\repository\org\neo4j\neo4j-graph-algo\2.2.1\neo4j-graph-algo-2.2.1.jar
     [loader.0] file:/C:/Users/Luis%20Flores/.m2/repository/org/scala-lang/scala-reflect/2.10.5/scala-reflect-2.10.5.jar
     [loader.0] file:/C:/Users/Luis%20Flores/.m2/repository/org/neo4j/neo4j-cypher-compiler-2.2/2.2.1/neo4j-cypher-compiler-2.2-2.2.1.jar
     [loader.0] file:/C:/Users/Luis%20Flores/.m2/repository/org/neo4j/neo4j-csv/2.2.1/neo4j-csv-2.2.1.jar
     [classpath] C:\Users\Luis Flores\.m2\repository\org\neo4j\neo4j-graph-matching\2.2.1\neo4j-graph-matching-2.2.1.jar
     [loader.0] file:/C:/Users/Luis%20Flores/.m2/repository/org/apache/lucene/lucene-core/3.6.2/lucene-core-3.6.2.jar
     [classpath] C:\Users\Luis Flores\.m2\repository\org\neo4j\neo4j-io\2.2.1\neo4j-io-2.2.1.jar
     [loader.1] file:/C:/Program%20Files/Java/jdk1.7.0_40/jre/lib/ext/sunmscapi.jar
     [classpath] C:\Users\Luis Flores\.m2\repository\org\neo4j\neo4j-cypher\2.2.1\neo4j-cypher-2.2.1.jar
     [loader.0] file:/C:/Users/Luis%20Flores/.m2/repository/org/neo4j/neo4j-graph-algo/2.2.1/neo4j-graph-algo-2.2.1.jar
     [loader.1] file:/C:/Program%20Files/Java/jdk1.7.0_40/jre/lib/ext/access-bridge-64.jar
     [classpath] C:\Users\Luis Flores\.m2\repository\org\neo4j\neo4j-cypher-compiler-1.9\2.0.4\neo4j-cypher-compiler-1.9-2.0.4.jar
     [classpath] C:\Users\Luis Flores\.m2\repository\org\scala-lang\scala-reflect\2.10.5\scala-reflect-2.10.5.jar
     [loader.0] file:/C:/Users/Luis%20Flores/.m2/repository/org/neo4j/neo4j-cypher-compiler-1.9/2.0.4/neo4j-cypher-compiler-1.9-2.0.4.jar
     [classpath] C:\Users\Luis Flores\.m2\repository\org\neo4j\neo4j-csv\2.2.1\neo4j-csv-2.2.1.jar
     [classpath] C:\Users\Luis Flores\.m2\repository\org\neo4j\neo4j-udc\2.2.1\neo4j-udc-2.2.1.jar
     [loader.1] file:/C:/Program%20Files/Java/jdk1.7.0_40/jre/lib/ext/dnsns.jar
     [loader.0] file:/C:/Users/Luis%20Flores/.m2/repository/org/neo4j/neo4j-cypher-compiler-2.0/2.0.4/neo4j-cypher-compiler-2.0-2.0.4.jar
     [bootstrap] C:\Program Files\Java\jdk1.7.0_40\jre\lib\sunrsasign.jar
     [loader.0] file:/C:/Users/Luis%20Flores/.m2/repository/org/neo4j/neo4j-jmx/2.2.1/neo4j-jmx-2.2.1.jar
     [classpath] C:\Users\Luis Flores\.m2\repository\org\scala-lang\scala-library\2.10.5\scala-library-2.10.5.jar
     [loader.0] file:/C:/Users/Luis%20Flores/.m2/repository/org/parboiled/parboiled-core/1.1.7/parboiled-core-1.1.7.jar
     [classpath] C:\Users\Luis Flores\.m2\repository\org\neo4j\neo4j-primitive-collections\2.2.1\neo4j-primitive-collections-2.2.1.jar
     [loader.1] file:/C:/Program%20Files/Java/jdk1.7.0_40/jre/lib/ext/sunec.jar
     [loader.0] file:/C:/Users/Luis%20Flores/.m2/repository/org/neo4j/neo4j-kernel/2.2.1/neo4j-kernel-2.2.1.jar
     [loader.0] file:/C:/Users/Luis%20Flores/.m2/repository/org/neo4j/neo4j-cypher/2.2.1/neo4j-cypher-2.2.1.jar
     [classpath] C:\Users\Luis Flores\.m2\repository\org\neo4j\neo4j-jmx\2.2.1\neo4j-jmx-2.2.1.jar
     [loader.1] file:/C:/Program%20Files/Java/jdk1.7.0_40/jre/lib/ext/jaccess.jar
     [classpath] C:\Users\Luis Flores\.m2\repository\com\googlecode\concurrentlinkedhashmap\concurrentlinkedhashmap-lru\1.4\concurrentlinkedhashmap-lru-1.4.jar
     [loader.0] file:/C:/Users/Luis%20Flores/.m2/repository/org/neo4j/neo4j-lucene-index/2.2.1/neo4j-lucene-index-2.2.1.jar
     [loader.0] file:/C:/Users/Luis%20Flores/.m2/repository/net/sf/opencsv/opencsv/2.3/opencsv-2.3.jar
     [bootstrap] C:\Program Files\Java\jdk1.7.0_40\jre\lib\jce.jar
     [classpath] C:\Users\Luis Flores\.m2\repository\org\neo4j\neo4j-cypher-compiler-2.1\2.1.7\neo4j-cypher-compiler-2.1-2.1.7.jar
     [loader.0] file:/C:/Users/Luis%20Flores/.m2/repository/org/neo4j/neo4j/2.2.1/neo4j-2.2.1.jar
     [classpath] C:\Users\Luis Flores\.m2\repository\org\neo4j\neo4j-kernel\2.2.1\neo4j-kernel-2.2.1.jar
     [loader.0] file:/C:/Users/Luis%20Flores/.m2/repository/org/neo4j/neo4j-graph-matching/2.2.1/neo4j-graph-matching-2.2.1.jar
     [classpath] C:\Users\Luis Flores\Documents\GitHub\Investigacion_BDll\GameFinder4j\target\classes
     [loader.0] file:/C:/Users/Luis%20Flores/.m2/repository/org/neo4j/neo4j-io/2.2.1/neo4j-io-2.2.1.jar
     [bootstrap] C:\Program Files\Java\jdk1.7.0_40\jre\lib\resources.jar
     [bootstrap] C:\Program Files\Java\jdk1.7.0_40\jre\lib\jfr.jar
     [classpath] C:\Users\Luis Flores\.m2\repository\org\neo4j\neo4j-lucene-index\2.2.1\neo4j-lucene-index-2.2.1.jar
     [classpath] C:\Users\Luis Flores\.m2\repository\org\neo4j\neo4j-cypher-compiler-2.0\2.0.4\neo4j-cypher-compiler-2.0-2.0.4.jar
     [bootstrap] C:\Program Files\Java\jdk1.7.0_40\jre\lib\jsse.jar
     [loader.0] file:/C:/Users/Luis%20Flores/.m2/repository/org/neo4j/neo4j-cypher-compiler-2.1/2.1.7/neo4j-cypher-compiler-2.1-2.1.7.jar
     [classpath] C:\Users\Luis Flores\.m2\repository\org\apache\lucene\lucene-core\3.6.2\lucene-core-3.6.2.jar
     [classpath] C:\Users\Luis Flores\.m2\repository\org\neo4j\neo4j-unsafe\2.2.1\neo4j-unsafe-2.2.1.jar
     [loader.0] file:/C:/Users/Luis%20Flores/.m2/repository/org/neo4j/neo4j-unsafe/2.2.1/neo4j-unsafe-2.2.1.jar
     [bootstrap] C:\Program Files\Java\jdk1.7.0_40\jre\lib\rt.jar
2015-04-19 19:02:51.613+0000 INFO  [org.neo4j]: Library path:
    C:\Program Files\Java\jdk1.7.0_40\bin
    C:\Windows\Sun\Java\bin
    C:\Windows\System32
    C:\Windows
    C:\Program Files (x86)\NVIDIA Corporation\PhysX\Common
    C:\ProgramData\Oracle\Java\javapath
    C:\Program Files (x86)\HP SimplePass
    C:\Program Files (x86)\Intel\iCLS Client
    C:\Program Files\Intel\iCLS Client
    C:\Windows\System32
    C:\Windows
    C:\Windows\System32\wbem
    C:\Windows\System32\WindowsPowerShell\v1.0
    C:\CamlLight\bin
    C:\Program Files\Intel\Intel(R) Management Engine Components\DAL
    C:\Program Files\Intel\Intel(R) Management Engine Components\IPT
    C:\Program Files (x86)\Intel\Intel(R) Management Engine Components\DAL
    C:\Program Files (x86)\Intel\Intel(R) Management Engine Components\IPT
    C:\Program Files (x86)\Intel\OpenCL SDK\3.0\bin\x86
    C:\Program Files (x86)\Intel\OpenCL SDK\3.0\bin\x64
    C:\Program Files\Java
    C:\Program Files\Java\jdk1.7.0_40\bin
    C:\Program Files\Java\jre7\bin
    C:\Program Files\Microsoft\Web Platform Installer
    C:\Program Files (x86)\Microsoft ASP.NET\ASP.NET Web Pages\v1.0
    C:\Program Files (x86)\Windows Kits\8.0\Windows Performance Toolkit
    C:\Program Files\Microsoft SQL Server\110\Tools\Binn
    C:\Program Files (x86)\Intel\OpenCL SDK\3.0\bin\x86
    C:\Program Files (x86)\Intel\OpenCL SDK\3.0\bin\x64
    C:\Program Files\TortoiseSVN\bin
    C:\Program Files\Microsoft SQL Server\110\DTS\Binn
    C:\Program Files (x86)\Microsoft SQL Server\110\Tools\Binn
    C:\Program Files (x86)\Microsoft SQL Server\110\Tools\Binn\ManagementStudio
    C:\Program Files (x86)\Microsoft Visual Studio 10.0\Common7\IDE\PrivateAssemblies
    C:\Program Files (x86)\Microsoft SQL Server\110\DTS\Binn
    C:\Program Files\nodejs
    C:\Program Files (x86)\Heroku\bin
    C:\Program Files (x86)\Git\cmd
    C:\Users\Luis Flores\AppData\Roaming\npm
    C:\Users\Luis Flores\Documents\GitHub\Investigacion_BDll\GameFinder4j
2015-04-19 19:02:51.624+0000 INFO  [org.neo4j]: System.properties:
    sun.boot.library.path = C:\Program Files\Java\jdk1.7.0_40\jre\bin
    user.country.format = US
    path.separator = ;
    file.encoding.pkg = sun.io
    user.country = ES
    user.script = 
    sun.java.launcher = SUN_STANDARD
    sun.os.patch.level = 
    user.dir = C:\Users\Luis Flores\Documents\GitHub\Investigacion_BDll\GameFinder4j
    user.variant = 
    sun.jnu.encoding = Cp1252
    sun.management.compiler = HotSpot 64-Bit Tiered Compilers
    user.home = C:\Users\Luis Flores
    user.timezone = America/Regina
    file.encoding = Cp1252
    user.name = Luis Flores
    sun.java.command = com.mycompany.test.main
    sun.arch.data.model = 64
    user.language = es
    user.language.format = en
    awt.toolkit = sun.awt.windows.WToolkit
    file.separator = \
    sun.io.unicode.encoding = UnicodeLittle
    sun.cpu.endian = little
    sun.desktop = windows
    sun.cpu.isalist = amd64
2015-04-19 19:02:51.625+0000 INFO  [org.neo4j]: Network information:
    Interface Software Loopback Interface 1:
        address: 127.0.0.1
        address: 0:0:0:0:0:0:0:1
    Interface Minipuerto WAN (L2TP):
    Interface Minipuerto WAN (SSTP):
    Interface Minipuerto WAN (IKEv2):
    Interface Minipuerto WAN (PPTP):
    Interface Minipuerto WAN (PPPOE):
    Interface Minipuerto WAN (IP):
    Interface Minipuerto WAN (IPv6):
    Interface Minipuerto WAN (Monitor de red):
    Interface Adaptador de red de depuración de kernel de Microsoft:
    Interface Adaptador asínc. de RAS:
    Interface Remote NDIS based Internet Sharing Device:
    Interface Adaptador ISATAP de Microsoft:
    Interface Teredo Tunneling Pseudo-Interface:
        address: fe80:0:0:0:0:100:7f:fffe%14
    Interface Realtek PCIe GBE Family Controller #2:
        address: fe80:0:0:0:34e4:a8f6:9b85:83ef%15
    Interface Ralink RT5390R 802.11b/g/n 1x1 Wi-Fi Adapter:
        address: 10.10.1.131
        address: fe80:0:0:0:9db5:6e35:d77d:ea66%16
    Interface Adaptador virtual directo Wi-Fi de Microsoft:
        address: fe80:0:0:0:4507:c998:4f33:c073%17
    Interface Adaptador ISATAP de Microsoft #2:
    Interface Adaptador ISATAP de Microsoft #3:
    Interface Remote NDIS based Internet Sharing Device - VirtualBox Bridged Networking Driver Miniport:
    Interface Ralink RT5390R 802.11b/g/n 1x1 Wi-Fi Adapter - VirtualBox Bridged Networking Driver Miniport:
    Interface Realtek PCIe GBE Family Controller #2 - VirtualBox Bridged Networking Driver Miniport:
    Interface VirtualBox Host-Only Ethernet Adapter:
        address: 192.168.56.1
        address: fe80:0:0:0:8c15:4b02:a1bb:581a%23
    Interface Adaptador ISATAP de Microsoft #4:
        address: fe80:0:0:0:0:5efe:a0a:183%24
    Interface Adaptador ISATAP de Microsoft #5:
    Interface Adaptador ISATAP de Microsoft #6:
    Interface LogMeIn Hamachi Virtual Ethernet Adapter - VirtualBox Bridged Networking Driver Miniport:
    Interface Hamachi Network Interface - VirtualBox Bridged Networking Driver Miniport:
    Interface Adaptador 6to4 de Microsoft:
    Interface LogMeIn Hamachi Virtual Ethernet Adapter - VirtualBox Bridged Networking Driver Miniport:
    Interface Apple Mobile Device Ethernet:
    Interface Apple Mobile Device Ethernet - VirtualBox Bridged Networking Driver Miniport:
    Interface Apple Mobile Device Ethernet #2:
    Interface Apple Mobile Device Ethernet #2 - VirtualBox Bridged Networking Driver Miniport:
    Interface Apple Mobile Device Ethernet #3:
    Interface Apple Mobile Device Ethernet #3 - VirtualBox Bridged Networking Driver Miniport:
    Interface LogMeIn Hamachi Virtual Ethernet Adapter - VirtualBox Bridged Networking Driver Miniport:
    Interface Adaptador ISATAP de Microsoft #7:
    Interface LogMeIn Hamachi Virtual Ethernet Adapter - VirtualBox Bridged Networking Driver Miniport:
    Interface LogMeIn Hamachi Virtual Ethernet Adapter - VirtualBox Bridged Networking Driver Miniport:
    Interface LogMeIn Hamachi Virtual Ethernet Adapter - VirtualBox Bridged Networking Driver Miniport:
    Interface Apple Mobile Device Ethernet #3 - VirtualBox Bridged Networking Driver Miniport:
    Interface Apple Mobile Device Ethernet #2 - VirtualBox Bridged Networking Driver Miniport:
    Interface Apple Mobile Device Ethernet - VirtualBox Bridged Networking Driver Miniport:
    Interface Remote NDIS based Internet Sharing Device - VirtualBox Bridged Networking Driver Miniport:
    Interface LogMeIn Hamachi Virtual Ethernet Adapter - VirtualBox Bridged Networking Driver Miniport:
    Interface Realtek PCIe GBE Family Controller #2 - VirtualBox Bridged Networking Driver Miniport:
    Interface Ralink RT5390R 802.11b/g/n 1x1 Wi-Fi Adapter - VirtualBox Bridged Networking Driver Miniport:
    Interface LogMeIn Hamachi Virtual Ethernet Adapter:
        address: 169.254.84.182
        address: 2620:9b:0:0:0:0:190c:a087
        address: fe80:0:0:0:7d33:f203:725:54b6%49
    Interface LogMeIn Hamachi Virtual Ethernet Adapter - VirtualBox Bridged Networking Driver Miniport:
    Interface PdaNet Broadband Adapter:
        address: fe80:0:0:0:b58f:8799:ff6c:9dd9%51
    Interface PdaNet Broadband Adapter - VirtualBox Bridged Networking Driver Miniport:
    Interface Minipuerto WAN (IP)-QoS Packet Scheduler-0000:
    Interface VirtualBox Host-Only Ethernet Adapter-QoS Packet Scheduler-0000:
    Interface VirtualBox Host-Only Ethernet Adapter-WFP 802.3 MAC Layer LightWeight Filter-0000:
    Interface VirtualBox Host-Only Ethernet Adapter-WFP Native MAC Layer LightWeight Filter-0000:
    Interface Ralink RT5390R 802.11b/g/n 1x1 Wi-Fi Adapter - VirtualBox Bridged Networking Driver Miniport-QoS Packet Scheduler-0000:
    Interface Ralink RT5390R 802.11b/g/n 1x1 Wi-Fi Adapter - VirtualBox Bridged Networking Driver Miniport-WFP 802.3 MAC Layer LightWeight Filter-0000:
    Interface Realtek PCIe GBE Family Controller #2-WFP Native MAC Layer LightWeight Filter-0000:
    Interface Minipuerto WAN (IPv6)-QoS Packet Scheduler-0000:
    Interface Minipuerto WAN (Monitor de red)-QoS Packet Scheduler-0000:
    Interface Ralink RT5390R 802.11b/g/n 1x1 Wi-Fi Adapter-Native WiFi Filter Driver-0000:
    Interface Ralink RT5390R 802.11b/g/n 1x1 Wi-Fi Adapter-Virtual WiFi Filter Driver-0000:
    Interface PdaNet Broadband Adapter-WFP Native MAC Layer LightWeight Filter-0000:
    Interface LogMeIn Hamachi Virtual Ethernet Adapter-WFP Native MAC Layer LightWeight Filter-0000:
    Interface Realtek PCIe GBE Family Controller #2 - VirtualBox Bridged Networking Driver Miniport-QoS Packet Scheduler-0000:
    Interface Realtek PCIe GBE Family Controller #2 - VirtualBox Bridged Networking Driver Miniport-WFP 802.3 MAC Layer LightWeight Filter-0000:
    Interface PdaNet Broadband Adapter - VirtualBox Bridged Networking Driver Miniport-QoS Packet Scheduler-0000:
    Interface PdaNet Broadband Adapter - VirtualBox Bridged Networking Driver Miniport-WFP 802.3 MAC Layer LightWeight Filter-0000:
    Interface Ralink RT5390R 802.11b/g/n 1x1 Wi-Fi Adapter-WFP Native MAC Layer LightWeight Filter-0000:
    Interface LogMeIn Hamachi Virtual Ethernet Adapter - VirtualBox Bridged Networking Driver Miniport-QoS Packet Scheduler-0000:
    Interface LogMeIn Hamachi Virtual Ethernet Adapter - VirtualBox Bridged Networking Driver Miniport-WFP 802.3 MAC Layer LightWeight Filter-0000:
    Interface Adaptador virtual directo Wi-Fi de Microsoft-Native WiFi Filter Driver-0000:
    Interface Adaptador virtual directo Wi-Fi de Microsoft-QoS Packet Scheduler-0000:
    Interface Adaptador virtual directo Wi-Fi de Microsoft-WFP 802.3 MAC Layer LightWeight Filter-0000:
    Interface Adaptador virtual directo Wi-Fi de Microsoft-WFP Native MAC Layer LightWeight Filter-0000:
2015-04-19 19:02:52.175+0000 INFO  [org.neo4j]: --- INITIALIZED diagnostics END ---
2015-04-19 19:02:52.857+0000 INFO  [org.neo4j]: Opened logical log [var\graphDb\neostore.transaction.db.2] version=2, lastTxId=13 (clean)
2015-04-19 19:02:52.876+0000 INFO  [org.neo4j]: Kernel health set to OK
2015-04-19 19:02:53.481+0000 INFO  [org.neo4j]: --- STARTED diagnostics for KernelDiagnostics:Versions START ---
2015-04-19 19:02:53.481+0000 INFO  [org.neo4j]: Graph Database: org.neo4j.kernel.EmbeddedGraphDatabase StoreId{creationTime=1429469686204, randomId=-8280092069518159831, storeVersion=14969031248344582, upgradeTime=1429469686204, upgradeId=1}
2015-04-19 19:02:53.481+0000 INFO  [org.neo4j]: Kernel version: Neo4j - Graph Database Kernel (neo4j-kernel), version: 2.2.1
2015-04-19 19:02:53.481+0000 INFO  [org.neo4j]: Neo4j component versions:
2015-04-19 19:02:53.489+0000 INFO  [org.neo4j]:   Neo4j - Lucene Index (neo4j-lucene-index), version: 2.2.1; revision: 2.2.1:2.2:904/c23258e99edbfff137bea0d83af56c79a46bca31
2015-04-19 19:02:53.489+0000 INFO  [org.neo4j]:   Neo4j - Cypher Compiler 2.1 (neo4j-cypher-compiler-2.1), version: 2.1.7; revision: 2.1.7:2.1-maint:649/ed233fc1087f4549d1956b8ec4a504fe2f13a446
2015-04-19 19:02:53.489+0000 INFO  [org.neo4j]:   Neo4j - Graph Algorithms (neo4j-graph-algo), version: 2.2.1; revision: 2.2.1:2.2:904/c23258e99edbfff137bea0d83af56c79a46bca31
2015-04-19 19:02:53.490+0000 INFO  [org.neo4j]:   Neo4j - Cypher Compiler 2.0 (neo4j-cypher-compiler-2.0), version: 2.0.4; revision: 2.0.4:2.0-maint:130/4a7d10bc274a5d26a180bbe9df25100e8a694748
2015-04-19 19:02:53.490+0000 INFO  [org.neo4j]:   Neo4j - Cypher Compiler 2.2 (neo4j-cypher-compiler-2.2), version: 2.2.1; revision: 2.2.1:2.2:904/c23258e99edbfff137bea0d83af56c79a46bca31
2015-04-19 19:02:53.490+0000 INFO  [org.neo4j]:   Neo4j - Consistency Checker (neo4j-consistency-check), version: 2.2.1; revision: 2.2.1:2.2:904/c23258e99edbfff137bea0d83af56c79a46bca31
2015-04-19 19:02:53.490+0000 INFO  [org.neo4j]:   Neo4j - Cypher Compiler 1.9 (neo4j-cypher-compiler-1.9), version: 2.0.4; revision: 2.0.4:2.0-maint:130/4a7d10bc274a5d26a180bbe9df25100e8a694748
2015-04-19 19:02:53.490+0000 INFO  [org.neo4j]:   neo4j-udc, version: 2.2.1; revision: 2.2.1:2.2:904/c23258e99edbfff137bea0d83af56c79a46bca31
2015-04-19 19:02:53.490+0000 INFO  [org.neo4j]:   Neo4j - JMX support (neo4j-jmx), version: 2.2.1; revision: 2.2.1:2.2:904/c23258e99edbfff137bea0d83af56c79a46bca31
2015-04-19 19:02:53.490+0000 INFO  [org.neo4j]:   Neo4j - Graph Matching (neo4j-graph-matching), version: 2.2.1; revision: 2.2.1:2.2:904/c23258e99edbfff137bea0d83af56c79a46bca31
2015-04-19 19:02:53.490+0000 INFO  [org.neo4j]:   Neo4j - Graph Database Kernel (neo4j-kernel), version: 2.2.1; revision: 2.2.1:2.2:904/c23258e99edbfff137bea0d83af56c79a46bca31
2015-04-19 19:02:53.490+0000 INFO  [org.neo4j]:   Neo4j - Cypher (neo4j-cypher), version: 2.2.1; revision: 2.2.1:2.2:904/c23258e99edbfff137bea0d83af56c79a46bca31
2015-04-19 19:02:53.491+0000 INFO  [org.neo4j]:   Neo4j - Community (neo4j), version: 2.2.1; revision: 2.2.1:2.2:904/c23258e99edbfff137bea0d83af56c79a46bca31
2015-04-19 19:02:53.491+0000 INFO  [org.neo4j]: --- STARTED diagnostics for KernelDiagnostics:Versions END ---
2015-04-19 19:02:53.493+0000 INFO  [org.neo4j]: --- STARTED diagnostics for NEO_STORE_VERSIONS START ---
2015-04-19 19:02:53.493+0000 INFO  [org.neo4j]: Store versions:
    Store versions:
      NeoStore v0.A.5
      SchemaStore v0.A.5
      NodeStore v0.A.5
      RelationshipStore v0.A.5
      RelationshipTypeStore v0.A.5
      LabelTokenStore v0.A.5
      PropertyStore v0.A.5
      PropertyIndexStore v0.A.5
      StringPropertyStore v0.A.5
      ArrayPropertyStore v0.A.5
      RelationshipGroupStore v0.A.5
2015-04-19 19:02:53.494+0000 INFO  [org.neo4j]: --- STARTED diagnostics for NEO_STORE_VERSIONS END ---
2015-04-19 19:02:53.494+0000 INFO  [org.neo4j]: --- STARTED diagnostics for NEO_STORE_ID_USAGE START ---
2015-04-19 19:02:53.494+0000 INFO  [org.neo4j]: Id usage:
    Id usage:
      SchemaStore: used=1 high=0
      NodeStore: used=10 high=9
      RelationshipStore: used=6 high=5
      RelationshipTypeStore: used=2 high=1
      LabelTokenStore: used=2 high=1
      PropertyStore: used=14 high=13
      PropertyIndexStore: used=6 high=5
      StringPropertyStore: used=1 high=0
      ArrayPropertyStore: used=1 high=0
      RelationshipGroupStore: used=1 high=0
2015-04-19 19:02:53.495+0000 INFO  [org.neo4j]: --- STARTED diagnostics for NEO_STORE_ID_USAGE END ---
2015-04-19 19:02:53.495+0000 INFO  [org.neo4j]: --- STARTED diagnostics for KernelDiagnostics:StoreFiles START ---
2015-04-19 19:02:53.499+0000 INFO  [org.neo4j]: Disk space on partition (Total / Free / Free %): 997679165440 / 101663895552 / 10
Storage files: (filename : modification date - size)
      index:
      - Total: 2015-04-19T12:54:45-0600 - 0.00 B
      lock: 2015-04-19T13:02:52-0600 - 0.00 B
      messages.log: 2015-04-19T13:02:49-0600 - 79.15 kB
      neostore: 2015-04-19T13:02:52-0600 - 99.00 B
      neostore.counts.db.a: 2015-04-19T13:02:45-0600 - 530.00 B
      neostore.counts.db.b: 2015-04-19T12:55:14-0600 - 530.00 B
      neostore.id: 2015-04-19T13:02:48-0600 - 9.00 B
      neostore.labeltokenstore.db: 2015-04-19T13:02:52-0600 - 10.00 B
      neostore.labeltokenstore.db.id: 2015-04-19T13:02:46-0600 - 9.00 B
      neostore.labeltokenstore.db.names: 2015-04-19T13:02:52-0600 - 114.00 B
      neostore.labeltokenstore.db.names.id: 2015-04-19T13:02:46-0600 - 9.00 B
      neostore.nodestore.db: 2015-04-19T13:02:52-0600 - 150.00 B
      neostore.nodestore.db.id: 2015-04-19T13:02:48-0600 - 9.00 B
      neostore.nodestore.db.labels: 2015-04-19T13:02:52-0600 - 68.00 B
      neostore.nodestore.db.labels.id: 2015-04-19T13:02:48-0600 - 9.00 B
      neostore.propertystore.db: 2015-04-19T13:02:52-0600 - 574.00 B
      neostore.propertystore.db.arrays: 2015-04-19T13:02:52-0600 - 128.00 B
      neostore.propertystore.db.arrays.id: 2015-04-19T13:02:47-0600 - 9.00 B
      neostore.propertystore.db.id: 2015-04-19T13:02:47-0600 - 9.00 B
      neostore.propertystore.db.index: 2015-04-19T13:02:52-0600 - 54.00 B
      neostore.propertystore.db.index.id: 2015-04-19T13:02:47-0600 - 9.00 B
      neostore.propertystore.db.index.keys: 2015-04-19T13:02:52-0600 - 266.00 B
      neostore.propertystore.db.index.keys.id: 2015-04-19T13:02:47-0600 - 9.00 B
      neostore.propertystore.db.strings: 2015-04-19T13:02:52-0600 - 128.00 B
      neostore.propertystore.db.strings.id: 2015-04-19T13:02:47-0600 - 9.00 B
      neostore.relationshipgroupstore.db: 2015-04-19T13:02:52-0600 - 25.00 B
      neostore.relationshipgroupstore.db.id: 2015-04-19T13:02:48-0600 - 9.00 B
      neostore.relationshipstore.db: 2015-04-19T13:02:52-0600 - 204.00 B
      neostore.relationshipstore.db.id: 2015-04-19T13:02:47-0600 - 9.00 B
      neostore.relationshiptypestore.db: 2015-04-19T13:02:52-0600 - 10.00 B
      neostore.relationshiptypestore.db.id: 2015-04-19T13:02:46-0600 - 9.00 B
      neostore.relationshiptypestore.db.names: 2015-04-19T13:02:52-0600 - 114.00 B
      neostore.relationshiptypestore.db.names.id: 2015-04-19T13:02:46-0600 - 9.00 B
      neostore.schemastore.db: 2015-04-19T13:02:52-0600 - 64.00 B
      neostore.schemastore.db.id: 2015-04-19T13:02:48-0600 - 9.00 B
      neostore.transaction.db.0: 2015-04-19T12:55:13-0600 - 2.50 kB
      neostore.transaction.db.1: 2015-04-19T13:02:45-0600 - 1.47 kB
      neostore.transaction.db.2: 2015-04-19T13:02:52-0600 - 16.00 B
      schema:
        label:
          lucene:
            _1.cfs: 2015-04-19T13:02:45-0600 - 243.00 B
            segments.gen: 2015-04-19T13:02:45-0600 - 20.00 B
            segments_2: 2015-04-19T13:02:45-0600 - 240.00 B
            write.lock: 2015-04-19T13:02:52-0600 - 0.00 B
          - Total: 2015-04-19T13:02:52-0600 - 503.00 B
        - Total: 2015-04-19T12:55:03-0600 - 503.00 B
      - Total: 2015-04-19T12:55:02-0600 - 503.00 B
      store_lock: 2015-04-19T12:54:45-0600 - 0.00 B
2015-04-19 19:02:53.517+0000 INFO  [org.neo4j]: --- STARTED diagnostics for KernelDiagnostics:StoreFiles END ---
2015-04-19 19:02:53.582+0000 INFO  [org.neo4j]: Database is now ready
2015-04-19 19:02:53.844+0000 INFO  [org.neo4j]: Shutdown started
2015-04-19 19:02:53.844+0000 INFO  [org.neo4j]: Database is now unavailable
2015-04-19 19:02:54.001+0000 INFO  [org.neo4j]: About to rotate counts store at transaction 14 to [var\graphDb\neostore.counts.db.b], from [var\graphDb\neostore.counts.db.a].
2015-04-19 19:02:54.010+0000 INFO  [org.neo4j]: Successfully rotated counts store at transaction 14 to [var\graphDb\neostore.counts.db.b], from [var\graphDb\neostore.counts.db.a].
2015-04-19 19:02:57.458+0000 INFO  [org.neo4j]: NeoStore closed
2015-04-19 19:02:57.458+0000 INFO  [org.neo4j]: --- STOPPING diagnostics START ---
2015-04-19 19:02:57.458+0000 INFO  [org.neo4j]: --- STOPPING diagnostics END ---
